Started GET "/kittens/new" for 127.0.0.1 at 2017-07-01 21:13:26 +0800
  
ActiveRecord::PendingMigrationError (

Migrations are pending. To resolve this issue, run:

        bin/rails db:migrate RAILS_ENV=development

):
  
activerecord (5.1.2) lib/active_record/migration.rb:576:in `check_pending!'
activerecord (5.1.2) lib/active_record/migration.rb:553:in `call'
actionpack (5.1.2) lib/action_dispatch/middleware/callbacks.rb:26:in `block in call'
activesupport (5.1.2) lib/active_support/callbacks.rb:97:in `run_callbacks'
actionpack (5.1.2) lib/action_dispatch/middleware/callbacks.rb:24:in `call'
actionpack (5.1.2) lib/action_dispatch/middleware/executor.rb:12:in `call'
actionpack (5.1.2) lib/action_dispatch/middleware/debug_exceptions.rb:59:in `call'
web-console (3.5.1) lib/web_console/middleware.rb:135:in `call_app'
web-console (3.5.1) lib/web_console/middleware.rb:28:in `block in call'
web-console (3.5.1) lib/web_console/middleware.rb:18:in `catch'
web-console (3.5.1) lib/web_console/middleware.rb:18:in `call'
actionpack (5.1.2) lib/action_dispatch/middleware/show_exceptions.rb:31:in `call'
railties (5.1.2) lib/rails/rack/logger.rb:36:in `call_app'
railties (5.1.2) lib/rails/rack/logger.rb:24:in `block in call'
activesupport (5.1.2) lib/active_support/tagged_logging.rb:69:in `block in tagged'
activesupport (5.1.2) lib/active_support/tagged_logging.rb:26:in `tagged'
activesupport (5.1.2) lib/active_support/tagged_logging.rb:69:in `tagged'
railties (5.1.2) lib/rails/rack/logger.rb:24:in `call'
sprockets-rails (3.2.0) lib/sprockets/rails/quiet_assets.rb:13:in `call'
actionpack (5.1.2) lib/action_dispatch/middleware/remote_ip.rb:79:in `call'
actionpack (5.1.2) lib/action_dispatch/middleware/request_id.rb:25:in `call'
rack (2.0.3) lib/rack/method_override.rb:22:in `call'
rack (2.0.3) lib/rack/runtime.rb:22:in `call'
activesupport (5.1.2) lib/active_support/cache/strategy/local_cache_middleware.rb:27:in `call'
actionpack (5.1.2) lib/action_dispatch/middleware/executor.rb:12:in `call'
actionpack (5.1.2) lib/action_dispatch/middleware/static.rb:125:in `call'
rack (2.0.3) lib/rack/sendfile.rb:111:in `call'
railties (5.1.2) lib/rails/engine.rb:522:in `call'
puma (3.9.1) lib/puma/configuration.rb:224:in `call'
puma (3.9.1) lib/puma/server.rb:602:in `handle_request'
puma (3.9.1) lib/puma/server.rb:435:in `process_client'
puma (3.9.1) lib/puma/server.rb:299:in `block in run'
puma (3.9.1) lib/puma/thread_pool.rb:120:in `block in spawn_thread'
  [1m[35m (0.0ms)[0m  [1m[34mSELECT sqlite_version(*)[0m
  [1m[35m (155.0ms)[0m  [1m[35mCREATE TABLE "schema_migrations" ("version" varchar NOT NULL PRIMARY KEY)[0m
  [1m[35m (131.0ms)[0m  [1m[35mCREATE TABLE "ar_internal_metadata" ("key" varchar NOT NULL PRIMARY KEY, "value" varchar, "created_at" datetime NOT NULL, "updated_at" datetime NOT NULL)[0m
  [1m[35m (0.0ms)[0m  [1m[34mSELECT "schema_migrations"."version" FROM "schema_migrations" ORDER BY "schema_migrations"."version" ASC[0m
Migrating to CreateKittens (20170701105114)
  [1m[35m (1.0ms)[0m  [1m[36mbegin transaction[0m
  [1m[35m (2.0ms)[0m  [1m[35mCREATE TABLE "kittens" ("id" INTEGER PRIMARY KEY AUTOINCREMENT NOT NULL, "name" varchar, "age" integer, "cuteness" integer, "softness" integer, "created_at" datetime NOT NULL, "updated_at" datetime NOT NULL)[0m
  [1m[35mSQL (0.0ms)[0m  [1m[32mINSERT INTO "schema_migrations" ("version") VALUES (?)[0m  [["version", "20170701105114"]]
  [1m[35m (202.0ms)[0m  [1m[36mcommit transaction[0m
  [1m[36mActiveRecord::InternalMetadata Load (1.0ms)[0m  [1m[34mSELECT  "ar_internal_metadata".* FROM "ar_internal_metadata" WHERE "ar_internal_metadata"."key" = ? LIMIT ?[0m  [["key", "environment"], ["LIMIT", 1]]
  [1m[35m (0.0ms)[0m  [1m[36mbegin transaction[0m
  [1m[35mSQL (2.0ms)[0m  [1m[32mINSERT INTO "ar_internal_metadata" ("key", "value", "created_at", "updated_at") VALUES (?, ?, ?, ?)[0m  [["key", "environment"], ["value", "development"], ["created_at", "2017-07-01 13:14:50.863000"], ["updated_at", "2017-07-01 13:14:50.863000"]]
  [1m[35m (276.0ms)[0m  [1m[36mcommit transaction[0m
  [1m[35m (1.0ms)[0m  [1m[34mSELECT "schema_migrations"."version" FROM "schema_migrations" ORDER BY "schema_migrations"."version" ASC[0m
Started GET "/kittens/new" for 127.0.0.1 at 2017-07-01 21:15:06 +0800
  [1m[35m (1.0ms)[0m  [1m[34mSELECT "schema_migrations"."version" FROM "schema_migrations" ORDER BY "schema_migrations"."version" ASC[0m
Processing by KittensController#new as HTML
  Rendering kittens/new.html.erb within layouts/application
  Rendered kittens/new.html.erb within layouts/application (29.0ms)
Completed 500 Internal Server Error in 997ms (ActiveRecord: 2.0ms)


  
SyntaxError (C:/Users/won/Desktop/the_odin_project/kittens-api/app/views/kittens/new.html.erb:11: syntax error, unexpected ',', expecting ')'
...field(:age, in: 0..50, step:1), class: 'form-control' );@out...
...                               ^
C:/Users/won/Desktop/the_odin_project/kittens-api/app/views/kittens/new.html.erb:14: syntax error, unexpected ',', expecting ')'
...(:cuteness, in: 0..10, step:1), class: 'form-control' );@out...
...                               ^
C:/Users/won/Desktop/the_odin_project/kittens-api/app/views/kittens/new.html.erb:17: syntax error, unexpected ',', expecting ')'
...(:softness, in: 0..10, step:1), class: 'form-control' );@out...
...                               ^):
  
app/views/kittens/new.html.erb:11: syntax error, unexpected ',', expecting ')'
app/views/kittens/new.html.erb:14: syntax error, unexpected ',', expecting ')'
app/views/kittens/new.html.erb:17: syntax error, unexpected ',', expecting ')'
Started GET "/kittens/new" for 127.0.0.1 at 2017-07-01 21:16:12 +0800
Processing by KittensController#new as HTML
  Rendering kittens/new.html.erb within layouts/application
  Rendered kittens/new.html.erb within layouts/application (102.0ms)
Completed 500 Internal Server Error in 319ms (ActiveRecord: 0.0ms)


  
ActionView::Template::Error (Missing partial shared/_error_messages with {:locale=>[:en], :formats=>[:html], :variants=>[], :handlers=>[:raw, :erb, :html, :builder, :ruby, :coffee, :jbuilder]}. Searched in:
  * "C:/Users/won/Desktop/the_odin_project/kittens-api/app/views"
):
    2: <div class="row">
    3:   <div class="col-md-6 col-md-offset-3">
    4:     <%= form_for(@kitten) do |f| %>
    5:       <%= render 'shared/error_messages', object: f.object %>
    6: 
    7:       <%= f.label :name %>
    8:       <%= f.text_field :name, class: 'form-control' %>
  
app/views/kittens/new.html.erb:5:in `block in _app_views_kittens_new_html_erb__111774791_51090504'
app/views/kittens/new.html.erb:4:in `_app_views_kittens_new_html_erb__111774791_51090504'
Started GET "/kittens/new" for 127.0.0.1 at 2017-07-01 21:16:38 +0800
Processing by KittensController#new as HTML
  Rendering kittens/new.html.erb within layouts/application
  Rendered kittens/new.html.erb within layouts/application (440.0ms)
  Rendered layouts/_header.html.erb (2.0ms)
Completed 200 OK in 12363ms (Views: 12312.3ms | ActiveRecord: 0.0ms)


Started GET "/kittens/new" for 127.0.0.1 at 2017-07-01 21:19:07 +0800
Processing by KittensController#new as HTML
  Rendering kittens/new.html.erb within layouts/application
  Rendered kittens/new.html.erb within layouts/application (2.0ms)
Completed 500 Internal Server Error in 201ms (ActiveRecord: 0.0ms)


  
SyntaxError (C:/Users/won/Desktop/the_odin_project/kittens-api/app/views/kittens/new.html.erb:12: syntax error, unexpected ',', expecting ')'
...field(:age, in: 0..50, step:1), class: 'form-control' );@out...
...                               ^
C:/Users/won/Desktop/the_odin_project/kittens-api/app/views/kittens/new.html.erb:15: syntax error, unexpected ',', expecting ')'
...(:cuteness, in: 0..10, step:1), class: 'form-control' );@out...
...                               ^
C:/Users/won/Desktop/the_odin_project/kittens-api/app/views/kittens/new.html.erb:18: syntax error, unexpected ',', expecting ')'
...(:softness, in: 0..10, step:1), class: 'form-control' );@out...
...                               ^):
  
app/views/kittens/new.html.erb:12: syntax error, unexpected ',', expecting ')'
app/views/kittens/new.html.erb:15: syntax error, unexpected ',', expecting ')'
app/views/kittens/new.html.erb:18: syntax error, unexpected ',', expecting ')'
Started GET "/kittens/new" for 127.0.0.1 at 2017-07-01 21:19:57 +0800
Processing by KittensController#new as HTML
  Rendering kittens/new.html.erb within layouts/application
  Rendered kittens/new.html.erb within layouts/application (5.0ms)
  Rendered layouts/_header.html.erb (1.0ms)
Completed 200 OK in 441ms (Views: 386.6ms | ActiveRecord: 0.0ms)


Started GET "/kittens/new" for 127.0.0.1 at 2017-07-01 21:21:15 +0800
Processing by KittensController#new as HTML
  Rendering kittens/new.html.erb within layouts/application
  Rendered kittens/new.html.erb within layouts/application (17.0ms)
  Rendered layouts/_header.html.erb (1.0ms)
Completed 200 OK in 444ms (Views: 391.8ms | ActiveRecord: 0.0ms)


Started GET "/kittens/new" for 127.0.0.1 at 2017-07-01 21:22:01 +0800
Processing by KittensController#new as HTML
  Rendering kittens/new.html.erb within layouts/application
  Rendered kittens/new.html.erb within layouts/application (6.0ms)
  Rendered layouts/_header.html.erb (1.0ms)
Completed 200 OK in 442ms (Views: 385.0ms | ActiveRecord: 0.0ms)


Started GET "/kittens/new" for 127.0.0.1 at 2017-07-01 21:24:22 +0800
Processing by KittensController#new as HTML
  Rendering kittens/new.html.erb within layouts/application
  Rendered kittens/new.html.erb within layouts/application (5.0ms)
Completed 500 Internal Server Error in 324ms (ActiveRecord: 0.0ms)


  
ActionView::Template::Error (Invalid CSS after "...trap-sprockets"": expected selector or at-rule, was "@import "bootst..."):
    4:     <title>KittensApi</title>
    5:     <%= csrf_meta_tags %>
    6: 
    7:     <%= stylesheet_link_tag    'application', media: 'all', 'data-turbolinks-track': 'reload' %>
    8:     <%= javascript_include_tag 'application', 'data-turbolinks-track': 'reload' %>
    9:   </head>
   10: 
  
app/assets/stylesheets/application.css.scss:20
app/views/layouts/application.html.erb:7:in `_app_views_layouts_application_html_erb__104952787_81596688'
Started GET "/kittens/new" for 127.0.0.1 at 2017-07-01 21:25:22 +0800
Processing by KittensController#new as HTML
  Rendering kittens/new.html.erb within layouts/application
  Rendered kittens/new.html.erb within layouts/application (5.0ms)
  Rendered layouts/_header.html.erb (1.0ms)
Completed 200 OK in 812ms (Views: 758.8ms | ActiveRecord: 0.0ms)


Started GET "/kittens/new" for 127.0.0.1 at 2017-07-01 21:28:37 +0800
Processing by KittensController#new as HTML
  Rendering kittens/new.html.erb within layouts/application
  Rendered kittens/new.html.erb within layouts/application (6.0ms)
  Rendered layouts/_header.html.erb (1.0ms)
Completed 200 OK in 729ms (Views: 654.6ms | ActiveRecord: 0.0ms)


Started GET "/kittens/new" for 127.0.0.1 at 2017-07-01 21:29:16 +0800
Processing by KittensController#new as HTML
  Rendering kittens/new.html.erb within layouts/application
  Rendered kittens/new.html.erb within layouts/application (6.0ms)
Completed 500 Internal Server Error in 346ms (ActiveRecord: 0.0ms)


  
ActionView::Template::Error (Invalid CSS after "...trap-sprockets"": expected selector or at-rule, was "@import "bootst..."):
    4:     <title>KittensApi</title>
    5:     <%= csrf_meta_tags %>
    6: 
    7:     <%= stylesheet_link_tag    'application', media: 'all', 'data-turbolinks-track': 'reload' %>
    8:     <%= javascript_include_tag 'application', 'data-turbolinks-track': 'reload' %>
    9:   </head>
   10: 
  
app/assets/stylesheets/application.css.scss:2
app/views/layouts/application.html.erb:7:in `_app_views_layouts_application_html_erb__104952787_91994532'
Started GET "/kittens/new" for 127.0.0.1 at 2017-07-01 21:31:08 +0800
Processing by KittensController#new as HTML
  Rendering kittens/new.html.erb within layouts/application
  Rendered kittens/new.html.erb within layouts/application (6.0ms)
Completed 500 Internal Server Error in 515ms (ActiveRecord: 0.0ms)


  
ActionView::Template::Error (Invalid CSS after "...trap-sprockets"": expected selector or at-rule, was "@import "bootst..."):
    4:     <title>KittensApi</title>
    5:     <%= csrf_meta_tags %>
    6: 
    7:     <%= stylesheet_link_tag    'application', media: 'all', 'data-turbolinks-track': 'reload' %>
    8:     <%= javascript_include_tag 'application', 'data-turbolinks-track': 'reload' %>
    9:   </head>
   10: 
  
app/assets/stylesheets/shared/bootstrap-base.scss:2
app/views/layouts/application.html.erb:7:in `_app_views_layouts_application_html_erb__104952787_96704424'
Started GET "/kittens/new" for 127.0.0.1 at 2017-07-01 21:31:55 +0800
Processing by KittensController#new as HTML
  Rendering kittens/new.html.erb within layouts/application
  Rendered kittens/new.html.erb within layouts/application (5.0ms)
Completed 500 Internal Server Error in 322ms (ActiveRecord: 0.0ms)


  
ActionView::Template::Error (Invalid CSS after "...trap-sprockets"": expected selector or at-rule, was "@import "bootst..."):
    4:     <title>KittensApi</title>
    5:     <%= csrf_meta_tags %>
    6: 
    7:     <%= stylesheet_link_tag    'application', media: 'all', 'data-turbolinks-track': 'reload' %>
    8:     <%= javascript_include_tag 'application', 'data-turbolinks-track': 'reload' %>
    9:   </head>
   10: 
  
app/assets/stylesheets/shared/bootstrap-base.scss:2
app/views/layouts/application.html.erb:7:in `_app_views_layouts_application_html_erb__104952787_86902104'
Started GET "/kittens/new" for 127.0.0.1 at 2017-07-01 21:32:48 +0800
Processing by KittensController#new as HTML
  Rendering kittens/new.html.erb within layouts/application
  Rendered kittens/new.html.erb within layouts/application (6.0ms)
  Rendered layouts/_header.html.erb (1.0ms)
Completed 200 OK in 22089ms (Views: 22041.9ms | ActiveRecord: 0.0ms)


Started GET "/kittens/new" for 127.0.0.1 at 2017-07-01 21:38:42 +0800
Processing by KittensController#new as HTML
  Rendering kittens/new.html.erb within layouts/application
  Rendered kittens/new.html.erb within layouts/application (8.0ms)
  Rendered layouts/_header.html.erb (2.0ms)
Completed 200 OK in 790ms (Views: 726.3ms | ActiveRecord: 0.0ms)


Started GET "/kittens/new" for 127.0.0.1 at 2017-07-01 21:39:44 +0800
Processing by KittensController#new as HTML
  Rendering kittens/new.html.erb within layouts/application
  Rendered kittens/new.html.erb within layouts/application (6.0ms)
  Rendered layouts/_header.html.erb (1.0ms)
Completed 200 OK in 725ms (Views: 674.7ms | ActiveRecord: 0.0ms)


Started GET "/kittens/new" for 127.0.0.1 at 2017-07-01 21:40:06 +0800
Processing by KittensController#new as HTML
  Rendering kittens/new.html.erb within layouts/application
  Rendered kittens/new.html.erb within layouts/application (5.0ms)
  Rendered layouts/_header.html.erb (1.0ms)
Completed 200 OK in 593ms (Views: 546.1ms | ActiveRecord: 0.0ms)


Started GET "/kittens/new" for 127.0.0.1 at 2017-07-01 21:40:30 +0800
Processing by KittensController#new as HTML
  Rendering kittens/new.html.erb within layouts/application
  Rendered kittens/new.html.erb within layouts/application (5.0ms)
  Rendered layouts/_header.html.erb (2.0ms)
Completed 500 Internal Server Error in 648ms (ActiveRecord: 0.0ms)


  
SyntaxError (C:/Users/won/Desktop/the_odin_project/kittens-api/app/views/layouts/_header.html.erb:4: syntax error, unexpected '='
...tens App", kittens_path, class="nav-brand" );@output_buffer....
...                               ^):
  
app/views/layouts/_header.html.erb:4: syntax error, unexpected '='
app/views/layouts/application.html.erb:12:in `_app_views_layouts_application_html_erb__104952787_93539316'
Started GET "/kittens/new" for 127.0.0.1 at 2017-07-01 21:41:05 +0800
Processing by KittensController#new as HTML
  Rendering kittens/new.html.erb within layouts/application
  Rendered kittens/new.html.erb within layouts/application (7.0ms)
  Rendered layouts/_header.html.erb (1.0ms)
Completed 200 OK in 664ms (Views: 612.8ms | ActiveRecord: 0.0ms)


Started GET "/kittens/new" for 127.0.0.1 at 2017-07-01 21:42:15 +0800
Processing by KittensController#new as HTML
  Rendering kittens/new.html.erb within layouts/application
  Rendered kittens/new.html.erb within layouts/application (6.0ms)
  Rendered layouts/_header.html.erb (1.0ms)
Completed 200 OK in 673ms (Views: 622.3ms | ActiveRecord: 0.0ms)


Started GET "/kittens/new" for 127.0.0.1 at 2017-07-01 21:42:57 +0800
Processing by KittensController#new as HTML
  Rendering kittens/new.html.erb within layouts/application
  Rendered kittens/new.html.erb within layouts/application (6.0ms)
  Rendered layouts/_header.html.erb (1.0ms)
Completed 200 OK in 634ms (Views: 588.3ms | ActiveRecord: 0.0ms)


Started GET "/kittens/new" for 127.0.0.1 at 2017-07-01 21:43:17 +0800
Processing by KittensController#new as HTML
  Rendering kittens/new.html.erb within layouts/application
  Rendered kittens/new.html.erb within layouts/application (6.0ms)
  Rendered layouts/_header.html.erb (1.0ms)
Completed 200 OK in 711ms (Views: 658.2ms | ActiveRecord: 0.0ms)


Started GET "/kittens/new" for 127.0.0.1 at 2017-07-01 21:44:42 +0800
Processing by KittensController#new as HTML
  Rendering kittens/new.html.erb within layouts/application
  Rendered kittens/new.html.erb within layouts/application (5.0ms)
  Rendered layouts/_header.html.erb (1.0ms)
Completed 200 OK in 695ms (Views: 642.3ms | ActiveRecord: 0.0ms)


Started POST "/kittens" for 127.0.0.1 at 2017-07-01 21:55:55 +0800
Processing by KittensController#create as HTML
  Parameters: {"utf8"=>"✓", "authenticity_token"=>"Wvuxw/eIWhkcJt92HXi5baFCeou+D03C5G0LoR6+yKv/5dJYuZnHh5ffSRB+NGIsITJZCyQiXVpMSdGsFxtx8w==", "kitten"=>{"name"=>"", "age"=>"0", "cuteness"=>"0", "softness"=>""}, "commit"=>"Submit"}
Completed 400 Bad Request in 9ms (ActiveRecord: 0.0ms)


  
ActionController::ParameterMissing (param is missing or the value is empty: kittens):
  
app/controllers/kittens_controller.rb:48:in `kitten_params'
app/controllers/kittens_controller.rb:7:in `create'
Started POST "/kittens" for 127.0.0.1 at 2017-07-01 21:56:27 +0800
Processing by KittensController#create as HTML
  Parameters: {"utf8"=>"✓", "authenticity_token"=>"Wvuxw/eIWhkcJt92HXi5baFCeou+D03C5G0LoR6+yKv/5dJYuZnHh5ffSRB+NGIsITJZCyQiXVpMSdGsFxtx8w==", "kitten"=>{"name"=>"", "age"=>"0", "cuteness"=>"0", "softness"=>""}, "commit"=>"Submit"}
  [1m[35m (1.0ms)[0m  [1m[36mbegin transaction[0m
  [1m[35mSQL (3.0ms)[0m  [1m[32mINSERT INTO "kittens" ("name", "age", "cuteness", "created_at", "updated_at") VALUES (?, ?, ?, ?, ?)[0m  [["name", ""], ["age", 0], ["cuteness", 0], ["created_at", "2017-07-01 13:56:28.731000"], ["updated_at", "2017-07-01 13:56:28.731000"]]
  [1m[35m (663.0ms)[0m  [1m[36mcommit transaction[0m
Redirected to http://localhost:3000/kittens/1
Completed 302 Found in 1199ms (ActiveRecord: 807.0ms)


Started GET "/kittens/1" for 127.0.0.1 at 2017-07-01 21:56:29 +0800
Processing by KittensController#show as HTML
  Parameters: {"id"=>"1"}
  [1m[36mKitten Load (0.0ms)[0m  [1m[34mSELECT  "kittens".* FROM "kittens" WHERE (1) LIMIT ?[0m  [["LIMIT", 1]]
  Rendering kittens/show.html.erb within layouts/application
  Rendered kittens/show.html.erb within layouts/application (1.0ms)
  Rendered layouts/_header.html.erb (1.0ms)
Completed 200 OK in 1555ms (Views: 1211.4ms | ActiveRecord: 0.0ms)


Started GET "/kittens/edit/1" for 127.0.0.1 at 2017-07-01 21:56:42 +0800
  
ActionController::RoutingError (No route matches [GET] "/kittens/edit/1"):
  
actionpack (5.1.2) lib/action_dispatch/middleware/debug_exceptions.rb:63:in `call'
web-console (3.5.1) lib/web_console/middleware.rb:135:in `call_app'
web-console (3.5.1) lib/web_console/middleware.rb:28:in `block in call'
web-console (3.5.1) lib/web_console/middleware.rb:18:in `catch'
web-console (3.5.1) lib/web_console/middleware.rb:18:in `call'
actionpack (5.1.2) lib/action_dispatch/middleware/show_exceptions.rb:31:in `call'
railties (5.1.2) lib/rails/rack/logger.rb:36:in `call_app'
railties (5.1.2) lib/rails/rack/logger.rb:24:in `block in call'
activesupport (5.1.2) lib/active_support/tagged_logging.rb:69:in `block in tagged'
activesupport (5.1.2) lib/active_support/tagged_logging.rb:26:in `tagged'
activesupport (5.1.2) lib/active_support/tagged_logging.rb:69:in `tagged'
railties (5.1.2) lib/rails/rack/logger.rb:24:in `call'
sprockets-rails (3.2.0) lib/sprockets/rails/quiet_assets.rb:13:in `call'
actionpack (5.1.2) lib/action_dispatch/middleware/remote_ip.rb:79:in `call'
actionpack (5.1.2) lib/action_dispatch/middleware/request_id.rb:25:in `call'
rack (2.0.3) lib/rack/method_override.rb:22:in `call'
rack (2.0.3) lib/rack/runtime.rb:22:in `call'
activesupport (5.1.2) lib/active_support/cache/strategy/local_cache_middleware.rb:27:in `call'
actionpack (5.1.2) lib/action_dispatch/middleware/executor.rb:12:in `call'
actionpack (5.1.2) lib/action_dispatch/middleware/static.rb:125:in `call'
rack (2.0.3) lib/rack/sendfile.rb:111:in `call'
railties (5.1.2) lib/rails/engine.rb:522:in `call'
puma (3.9.1) lib/puma/configuration.rb:224:in `call'
puma (3.9.1) lib/puma/server.rb:602:in `handle_request'
puma (3.9.1) lib/puma/server.rb:435:in `process_client'
puma (3.9.1) lib/puma/server.rb:299:in `block in run'
puma (3.9.1) lib/puma/thread_pool.rb:120:in `block in spawn_thread'
Started GET "/kittens/1/edit" for 127.0.0.1 at 2017-07-01 21:57:03 +0800
Processing by KittensController#edit as HTML
  Parameters: {"id"=>"1"}
  [1m[36mKitten Load (1.0ms)[0m  [1m[34mSELECT  "kittens".* FROM "kittens" WHERE "kittens"."id" = ? LIMIT ?[0m  [["id", 1], ["LIMIT", 1]]
  Rendering kittens/edit.html.erb within layouts/application
  Rendered kittens/edit.html.erb within layouts/application (9.0ms)
  Rendered layouts/_header.html.erb (1.0ms)
Completed 200 OK in 797ms (Views: 617.3ms | ActiveRecord: 1.0ms)


Started GET "/kittens/" for 127.0.0.1 at 2017-07-01 22:03:39 +0800
Processing by KittensController#index as HTML
  Rendering kittens/index.html.erb within layouts/application
  Rendered kittens/index.html.erb within layouts/application (1.0ms)
  Rendered layouts/_header.html.erb (1.0ms)
Completed 200 OK in 745ms (Views: 684.9ms | ActiveRecord: 0.0ms)


Started GET "/kittens/" for 127.0.0.1 at 2017-07-01 22:03:55 +0800
Processing by KittensController#index as HTML
  Rendering kittens/index.html.erb within layouts/application
  [1m[36mKitten Load (1.0ms)[0m  [1m[34mSELECT "kittens".* FROM "kittens"[0m
  Rendered kittens/index.html.erb within layouts/application (4.0ms)
  Rendered layouts/_header.html.erb (1.0ms)
Completed 200 OK in 856ms (Views: 778.5ms | ActiveRecord: 1.0ms)


Started PATCH "/kittens/1" for 127.0.0.1 at 2017-07-01 22:04:15 +0800
Processing by KittensController#update as HTML
  Parameters: {"utf8"=>"✓", "authenticity_token"=>"n+hoavBYMVHycjAhVxRmM0U1LzsOR7iNOv98eZEP5IA69gvxvkmsz3mLpkc0WL1yxUUMu5RqqBWS26Z0mKpd2A==", "kitten"=>{"name"=>"Rabbit", "age"=>"1", "cuteness"=>"10", "softness"=>"10"}, "commit"=>"Submit", "id"=>"1"}
  [1m[36mKitten Load (1.0ms)[0m  [1m[34mSELECT  "kittens".* FROM "kittens" WHERE "kittens"."id" = ? LIMIT ?[0m  [["id", 1], ["LIMIT", 1]]
  [1m[35m (1.0ms)[0m  [1m[36mbegin transaction[0m
  [1m[35mSQL (3.0ms)[0m  [1m[33mUPDATE "kittens" SET "name" = ?, "age" = ?, "cuteness" = ?, "softness" = ?, "updated_at" = ? WHERE "kittens"."id" = ?[0m  [["name", "Rabbit"], ["age", 1], ["cuteness", 10], ["softness", 10], ["updated_at", "2017-07-01 14:04:16.005000"], ["id", 1]]
  [1m[35m (95.0ms)[0m  [1m[36mcommit transaction[0m
Redirected to http://localhost:3000/kittens/1
Completed 302 Found in 306ms (ActiveRecord: 100.0ms)


Started GET "/kittens/1" for 127.0.0.1 at 2017-07-01 22:04:16 +0800
Processing by KittensController#show as HTML
  Parameters: {"id"=>"1"}
  [1m[36mKitten Load (0.0ms)[0m  [1m[34mSELECT  "kittens".* FROM "kittens" WHERE (1) LIMIT ?[0m  [["LIMIT", 1]]
  Rendering kittens/show.html.erb within layouts/application
  Rendered kittens/show.html.erb within layouts/application (105.0ms)
Completed 500 Internal Server Error in 312ms (ActiveRecord: 0.0ms)


  
ActionView::Template::Error (undefined method `each' for nil:NilClass):
    1: <div class="row">
    2:   <div class="col-md-6 col-md-offset-3">
    3:     <h3>Kittens Paradise</h3>
    4:     <% @kittens.each do |kitten| %>
    5:       <h4><%= kitten.name %></h4>
    6:       <ul class="list-group">
    7:         <li class="list-group-item">Age: <%= kitten.age %></li>
  
app/views/kittens/show.html.erb:4:in `_app_views_kittens_show_html_erb__838269106_123851460'
Started GET "/kittens/1" for 127.0.0.1 at 2017-07-01 22:05:00 +0800
Processing by KittensController#show as HTML
  Parameters: {"id"=>"1"}
  [1m[36mKitten Load (0.0ms)[0m  [1m[34mSELECT  "kittens".* FROM "kittens" WHERE (1) LIMIT ?[0m  [["LIMIT", 1]]
  Rendering kittens/show.html.erb within layouts/application
  Rendered kittens/show.html.erb within layouts/application (58.0ms)
Completed 500 Internal Server Error in 262ms (ActiveRecord: 0.0ms)


  
ActionView::Template::Error (undefined method `each' for nil:NilClass):
    1: <div class="row">
    2:   <div class="col-md-6 col-md-offset-3">
    3:     <h3>Kittens Paradise</h3>
    4:     <% @kittens.each do |kitten| %>
    5:       <h4><%= kitten.name %></h4>
    6:       <ul class="list-group">
    7:         <li class="list-group-item">Age: <%= kitten.age %></li>
  
app/views/kittens/show.html.erb:4:in `_app_views_kittens_show_html_erb__838269106_67467996'
Started GET "/kittens/1" for 127.0.0.1 at 2017-07-01 22:05:33 +0800
Processing by KittensController#show as HTML
  Parameters: {"id"=>"1"}
  [1m[36mKitten Load (0.0ms)[0m  [1m[34mSELECT  "kittens".* FROM "kittens" WHERE (1) LIMIT ?[0m  [["LIMIT", 1]]
  Rendering kittens/show.html.erb within layouts/application
  Rendered kittens/show.html.erb within layouts/application (93.0ms)
Completed 500 Internal Server Error in 295ms (ActiveRecord: 0.0ms)


  
ActionView::Template::Error (undefined method `each' for #<Kitten:0xf35a498>):
    1: <div class="row">
    2:   <div class="col-md-6 col-md-offset-3">
    3:     <% @kitten.each do |kitten| %>
    4:       <h4><%= kitten.name %></h4>
    5:       <ul class="list-group">
    6:         <li class="list-group-item">Age: <%= kitten.age %></li>
  
app/views/kittens/show.html.erb:3:in `_app_views_kittens_show_html_erb__838269106_127585404'
Started GET "/kittens/1" for 127.0.0.1 at 2017-07-01 22:06:12 +0800
Processing by KittensController#show as HTML
  Parameters: {"id"=>"1"}
  [1m[36mKitten Load (1.0ms)[0m  [1m[34mSELECT  "kittens".* FROM "kittens" WHERE (1) LIMIT ?[0m  [["LIMIT", 1]]
  Rendering kittens/show.html.erb within layouts/application
  Rendered kittens/show.html.erb within layouts/application (1.0ms)
Completed 500 Internal Server Error in 206ms (ActiveRecord: 1.0ms)


  
SyntaxError (C:/Users/won/Desktop/the_odin_project/kittens-api/app/views/kittens/show.html.erb:15: syntax error, unexpected keyword_ensure, expecting end-of-input):
  
app/views/kittens/show.html.erb:15: syntax error, unexpected keyword_ensure, expecting end-of-input
Started GET "/kittens/1" for 127.0.0.1 at 2017-07-01 22:06:39 +0800
Processing by KittensController#show as HTML
  Parameters: {"id"=>"1"}
  [1m[36mKitten Load (1.0ms)[0m  [1m[34mSELECT  "kittens".* FROM "kittens" WHERE (1) LIMIT ?[0m  [["LIMIT", 1]]
  Rendering kittens/show.html.erb within layouts/application
  Rendered kittens/show.html.erb within layouts/application (1.0ms)
  Rendered layouts/_header.html.erb (1.0ms)
Completed 200 OK in 689ms (Views: 629.5ms | ActiveRecord: 1.0ms)


Started GET "/kittens/" for 127.0.0.1 at 2017-07-01 22:06:46 +0800
Processing by KittensController#index as HTML
  Rendering kittens/index.html.erb within layouts/application
  [1m[36mKitten Load (1.0ms)[0m  [1m[34mSELECT "kittens".* FROM "kittens"[0m
  Rendered kittens/index.html.erb within layouts/application (3.0ms)
  Rendered layouts/_header.html.erb (0.0ms)
Completed 200 OK in 615ms (Views: 563.8ms | ActiveRecord: 1.0ms)


Started GET "/kittens/new" for 127.0.0.1 at 2017-07-01 22:06:53 +0800
Processing by KittensController#new as HTML
  Rendering kittens/new.html.erb within layouts/application
  Rendered kittens/new.html.erb within layouts/application (5.0ms)
  Rendered layouts/_header.html.erb (1.0ms)
Completed 200 OK in 695ms (Views: 610.7ms | ActiveRecord: 0.0ms)


Started POST "/kittens" for 127.0.0.1 at 2017-07-01 22:07:00 +0800
Processing by KittensController#create as HTML
  Parameters: {"utf8"=>"✓", "authenticity_token"=>"kB1GGyuYi1Haz/8s391QfxQQQv3QwbSvuc8D4UgcxxU1AyWAZYkWz1E2aUq8kYs+lGBhfUrspDcR69nsQbl+TQ==", "kitten"=>{"name"=>"Dog", "age"=>"2", "cuteness"=>"1", "softness"=>"0"}, "commit"=>"Submit"}
  [1m[35m (0.0ms)[0m  [1m[36mbegin transaction[0m
  [1m[35mSQL (3.0ms)[0m  [1m[32mINSERT INTO "kittens" ("name", "age", "cuteness", "softness", "created_at", "updated_at") VALUES (?, ?, ?, ?, ?, ?)[0m  [["name", "Dog"], ["age", 2], ["cuteness", 1], ["softness", 0], ["created_at", "2017-07-01 14:07:00.707000"], ["updated_at", "2017-07-01 14:07:00.707000"]]
  [1m[35m (284.0ms)[0m  [1m[36mcommit transaction[0m
Redirected to http://localhost:3000/kittens/2
Completed 302 Found in 296ms (ActiveRecord: 287.0ms)


Started GET "/kittens/2" for 127.0.0.1 at 2017-07-01 22:07:01 +0800
Processing by KittensController#show as HTML
  Parameters: {"id"=>"2"}
  [1m[36mKitten Load (1.0ms)[0m  [1m[34mSELECT  "kittens".* FROM "kittens" WHERE (2) LIMIT ?[0m  [["LIMIT", 1]]
  Rendering kittens/show.html.erb within layouts/application
  Rendered kittens/show.html.erb within layouts/application (1.0ms)
  Rendered layouts/_header.html.erb (1.0ms)
Completed 200 OK in 598ms (Views: 546.7ms | ActiveRecord: 1.0ms)


Started GET "/kittens/2" for 127.0.0.1 at 2017-07-01 22:07:59 +0800
Processing by KittensController#show as HTML
  Parameters: {"id"=>"2"}
  [1m[36mKitten Load (1.0ms)[0m  [1m[34mSELECT  "kittens".* FROM "kittens" WHERE (2) LIMIT ?[0m  [["LIMIT", 1]]
  Rendering kittens/show.html.erb within layouts/application
  Rendered kittens/show.html.erb within layouts/application (5.0ms)
  Rendered layouts/_header.html.erb (1.0ms)
Completed 200 OK in 1313ms (Views: 1267.3ms | ActiveRecord: 1.0ms)


Started GET "/kittens/" for 127.0.0.1 at 2017-07-01 22:08:07 +0800
Processing by KittensController#index as HTML
  Rendering kittens/index.html.erb within layouts/application
  [1m[36mKitten Load (19.0ms)[0m  [1m[34mSELECT "kittens".* FROM "kittens"[0m
  Rendered kittens/index.html.erb within layouts/application (21.0ms)
  Rendered layouts/_header.html.erb (1.0ms)
Completed 200 OK in 755ms (Views: 682.9ms | ActiveRecord: 19.0ms)


Started GET "/kittens/1" for 127.0.0.1 at 2017-07-01 22:08:11 +0800
Processing by KittensController#show as HTML
  Parameters: {"id"=>"1"}
  [1m[36mKitten Load (1.0ms)[0m  [1m[34mSELECT  "kittens".* FROM "kittens" WHERE (1) LIMIT ?[0m  [["LIMIT", 1]]
  Rendering kittens/show.html.erb within layouts/application
  Rendered kittens/show.html.erb within layouts/application (1.0ms)
  Rendered layouts/_header.html.erb (1.0ms)
Completed 200 OK in 4343ms (Views: 4288.1ms | ActiveRecord: 1.0ms)


Started GET "/kittens/2" for 127.0.0.1 at 2017-07-01 22:08:19 +0800
Processing by KittensController#show as HTML
  Parameters: {"id"=>"2"}
  [1m[36mKitten Load (21.0ms)[0m  [1m[34mSELECT  "kittens".* FROM "kittens" WHERE (2) LIMIT ?[0m  [["LIMIT", 1]]
  Rendering kittens/show.html.erb within layouts/application
  Rendered kittens/show.html.erb within layouts/application (1.0ms)
  Rendered layouts/_header.html.erb (1.0ms)
Completed 200 OK in 662ms (Views: 586.3ms | ActiveRecord: 21.0ms)


Started GET "/kittens/2" for 127.0.0.1 at 2017-07-01 22:08:32 +0800
Processing by KittensController#show as HTML
  Parameters: {"id"=>"2"}
  [1m[36mKitten Load (1.0ms)[0m  [1m[34mSELECT  "kittens".* FROM "kittens" WHERE (2) LIMIT ?[0m  [["LIMIT", 1]]
  Rendering kittens/show.html.erb within layouts/application
  Rendered kittens/show.html.erb within layouts/application (1.0ms)
  Rendered layouts/_header.html.erb (1.0ms)
Completed 200 OK in 672ms (Views: 618.3ms | ActiveRecord: 1.0ms)


Started GET "/kittens/2" for 127.0.0.1 at 2017-07-01 22:08:44 +0800
Processing by KittensController#show as HTML
  Parameters: {"id"=>"2"}
  [1m[36mKitten Load (1.0ms)[0m  [1m[34mSELECT  "kittens".* FROM "kittens" WHERE "kittens"."id" = ? LIMIT ?[0m  [["id", 2], ["LIMIT", 1]]
  Rendering kittens/show.html.erb within layouts/application
  Rendered kittens/show.html.erb within layouts/application (1.0ms)
  Rendered layouts/_header.html.erb (1.0ms)
Completed 200 OK in 751ms (Views: 650.4ms | ActiveRecord: 5.0ms)


Started GET "/kittens" for 127.0.0.1 at 2017-07-01 22:08:50 +0800
Processing by KittensController#index as HTML
  Rendering kittens/index.html.erb within layouts/application
  [1m[36mKitten Load (1.0ms)[0m  [1m[34mSELECT "kittens".* FROM "kittens"[0m
  Rendered kittens/index.html.erb within layouts/application (3.0ms)
  Rendered layouts/_header.html.erb (1.0ms)
Completed 200 OK in 726ms (Views: 673.4ms | ActiveRecord: 1.0ms)


Started GET "/kittens" for 127.0.0.1 at 2017-07-01 22:09:15 +0800
Processing by KittensController#index as HTML
  Rendering kittens/index.html.erb within layouts/application
  [1m[36mKitten Load (1.0ms)[0m  [1m[34mSELECT "kittens".* FROM "kittens"[0m
  Rendered kittens/index.html.erb within layouts/application (4.0ms)
  Rendered layouts/_header.html.erb (1.0ms)
Completed 200 OK in 657ms (Views: 606.3ms | ActiveRecord: 1.0ms)


Started GET "/kittens/1/edit" for 127.0.0.1 at 2017-07-01 22:12:37 +0800
Processing by KittensController#edit as HTML
  Parameters: {"id"=>"1"}
  [1m[36mKitten Load (0.0ms)[0m  [1m[34mSELECT  "kittens".* FROM "kittens" WHERE "kittens"."id" = ? LIMIT ?[0m  [["id", 1], ["LIMIT", 1]]
  Rendering kittens/edit.html.erb within layouts/application
  Rendered kittens/edit.html.erb within layouts/application (2.0ms)
Completed 500 Internal Server Error in 208ms (ActiveRecord: 0.0ms)


  
SyntaxError (C:/Users/won/Desktop/the_odin_project/kittens-api/app/views/kittens/edit.html.erb:24: syntax error, unexpected '='
...nk_to "delete", @kitten, class="btn btn-default", method: :d...
...                               ^
C:/Users/won/Desktop/the_odin_project/kittens-api/app/views/kittens/edit.html.erb:24: syntax error, unexpected ',', expecting ')'
...itten, class="btn btn-default", method: :delete );@output_bu...
...                               ^):
  
app/views/kittens/edit.html.erb:24: syntax error, unexpected '='
app/views/kittens/edit.html.erb:24: syntax error, unexpected ',', expecting ')'
Started GET "/kittens/1/edit" for 127.0.0.1 at 2017-07-01 22:13:08 +0800
Processing by KittensController#edit as HTML
  Parameters: {"id"=>"1"}
  [1m[36mKitten Load (0.0ms)[0m  [1m[34mSELECT  "kittens".* FROM "kittens" WHERE "kittens"."id" = ? LIMIT ?[0m  [["id", 1], ["LIMIT", 1]]
  Rendering kittens/edit.html.erb within layouts/application
  Rendered kittens/edit.html.erb within layouts/application (26.0ms)
  Rendered layouts/_header.html.erb (1.0ms)
Completed 200 OK in 769ms (Views: 717.3ms | ActiveRecord: 0.0ms)


Started GET "/kittens/1/edit" for 127.0.0.1 at 2017-07-01 22:13:29 +0800
Processing by KittensController#edit as HTML
  Parameters: {"id"=>"1"}
  [1m[36mKitten Load (0.0ms)[0m  [1m[34mSELECT  "kittens".* FROM "kittens" WHERE "kittens"."id" = ? LIMIT ?[0m  [["id", 1], ["LIMIT", 1]]
  Rendering kittens/edit.html.erb within layouts/application
  Rendered kittens/edit.html.erb within layouts/application (6.0ms)
  Rendered layouts/_header.html.erb (1.0ms)
Completed 200 OK in 691ms (Views: 637.5ms | ActiveRecord: 0.0ms)


Started GET "/kittens/1/edit" for 127.0.0.1 at 2017-07-01 22:13:50 +0800
Processing by KittensController#edit as HTML
  Parameters: {"id"=>"1"}
  [1m[36mKitten Load (0.0ms)[0m  [1m[34mSELECT  "kittens".* FROM "kittens" WHERE "kittens"."id" = ? LIMIT ?[0m  [["id", 1], ["LIMIT", 1]]
  Rendering kittens/edit.html.erb within layouts/application
  Rendered kittens/edit.html.erb within layouts/application (32.0ms)
  Rendered layouts/_header.html.erb (1.0ms)
Completed 200 OK in 717ms (Views: 633.1ms | ActiveRecord: 0.0ms)


Started GET "/kittens/1/edit" for 127.0.0.1 at 2017-07-01 22:14:24 +0800
Processing by KittensController#edit as HTML
  Parameters: {"id"=>"1"}
  [1m[36mKitten Load (1.0ms)[0m  [1m[34mSELECT  "kittens".* FROM "kittens" WHERE "kittens"."id" = ? LIMIT ?[0m  [["id", 1], ["LIMIT", 1]]
  Rendering kittens/edit.html.erb within layouts/application
  Rendered kittens/edit.html.erb within layouts/application (5.0ms)
  Rendered layouts/_header.html.erb (1.0ms)
Completed 200 OK in 711ms (Views: 657.3ms | ActiveRecord: 1.0ms)


Started GET "/kittens" for 127.0.0.1 at 2017-07-01 22:14:45 +0800
Processing by KittensController#index as HTML
  Rendering kittens/index.html.erb within layouts/application
  [1m[36mKitten Load (0.0ms)[0m  [1m[34mSELECT "kittens".* FROM "kittens"[0m
  Rendered kittens/index.html.erb within layouts/application (63.0ms)
  Rendered layouts/_header.html.erb (2.0ms)
Completed 200 OK in 649ms (Views: 601.0ms | ActiveRecord: 0.0ms)


Started GET "/kittens" for 127.0.0.1 at 2017-07-01 22:15:00 +0800
Processing by KittensController#index as HTML
  Rendering kittens/index.html.erb within layouts/application
  [1m[36mKitten Load (0.0ms)[0m  [1m[34mSELECT "kittens".* FROM "kittens"[0m
  Rendered kittens/index.html.erb within layouts/application (5.0ms)
  Rendered layouts/_header.html.erb (1.0ms)
Completed 200 OK in 675ms (Views: 623.3ms | ActiveRecord: 0.0ms)


Started GET "/kittens" for 127.0.0.1 at 2017-07-01 22:15:22 +0800
Processing by KittensController#index as HTML
  Rendering kittens/index.html.erb within layouts/application
  [1m[36mKitten Load (0.0ms)[0m  [1m[34mSELECT "kittens".* FROM "kittens"[0m
  Rendered kittens/index.html.erb within layouts/application (4.0ms)
  Rendered layouts/_header.html.erb (1.0ms)
Completed 200 OK in 699ms (Views: 648.4ms | ActiveRecord: 0.0ms)


Started GET "/kittens" for 127.0.0.1 at 2017-07-01 22:17:15 +0800
Processing by KittensController#index as HTML
  Rendering kittens/index.html.erb within layouts/application
  [1m[36mKitten Load (0.0ms)[0m  [1m[34mSELECT "kittens".* FROM "kittens"[0m
  Rendered kittens/index.html.erb within layouts/application (5.0ms)
  Rendered layouts/_header.html.erb (1.0ms)
Completed 200 OK in 706ms (Views: 655.2ms | ActiveRecord: 0.0ms)


Started GET "/kittens" for 127.0.0.1 at 2017-07-01 22:17:24 +0800
Processing by KittensController#index as HTML
  Rendering kittens/index.html.erb within layouts/application
  [1m[36mKitten Load (1.0ms)[0m  [1m[34mSELECT "kittens".* FROM "kittens"[0m
  Rendered kittens/index.html.erb within layouts/application (4.0ms)
  Rendered layouts/_header.html.erb (1.0ms)
Completed 200 OK in 681ms (Views: 627.9ms | ActiveRecord: 1.0ms)


Started GET "/kittens" for 127.0.0.1 at 2017-07-01 22:19:08 +0800
Processing by KittensController#index as HTML
  Rendering kittens/index.html.erb within layouts/application
  [1m[36mKitten Load (14.0ms)[0m  [1m[34mSELECT "kittens".* FROM "kittens"[0m
  Rendered kittens/index.html.erb within layouts/application (18.0ms)
  Rendered layouts/_header.html.erb (1.0ms)
Completed 200 OK in 717ms (Views: 651.0ms | ActiveRecord: 14.0ms)


Started GET "/kittens" for 127.0.0.1 at 2017-07-01 22:19:48 +0800
Processing by KittensController#index as HTML
  Rendering kittens/index.html.erb within layouts/application
  [1m[36mKitten Load (0.0ms)[0m  [1m[34mSELECT "kittens".* FROM "kittens"[0m
  Rendered kittens/index.html.erb within layouts/application (4.0ms)
  Rendered layouts/_header.html.erb (0.0ms)
Completed 200 OK in 697ms (Views: 647.6ms | ActiveRecord: 0.0ms)


Started GET "/kittens" for 127.0.0.1 at 2017-07-01 22:20:04 +0800
Processing by KittensController#index as HTML
  Rendering kittens/index.html.erb within layouts/application
  [1m[36mKitten Load (0.0ms)[0m  [1m[34mSELECT "kittens".* FROM "kittens"[0m
  Rendered kittens/index.html.erb within layouts/application (5.0ms)
  Rendered layouts/_header.html.erb (1.0ms)
Completed 200 OK in 722ms (Views: 668.5ms | ActiveRecord: 0.0ms)


Started GET "/kittens" for 127.0.0.1 at 2017-07-01 22:20:56 +0800
Processing by KittensController#index as HTML
  Rendering kittens/index.html.erb within layouts/application
  Rendered kittens/index.html.erb within layouts/application (2.0ms)
Completed 500 Internal Server Error in 200ms (ActiveRecord: 0.0ms)


  
SyntaxError (C:/Users/won/Desktop/the_odin_project/kittens-api/app/views/kittens/index.html.erb:6: syntax error, unexpected '{', expecting ')'
...ten, class: "btn btn-default" {class="text-left"}, method: :...
...                               ^
C:/Users/won/Desktop/the_odin_project/kittens-api/app/views/kittens/index.html.erb:6: syntax error, unexpected '}', expecting ')'
...tn-default" {class="text-left"}, method: :delete );@output_b...
...                               ^):
  
app/views/kittens/index.html.erb:6: syntax error, unexpected '{', expecting ')'
app/views/kittens/index.html.erb:6: syntax error, unexpected '}', expecting ')'
Started GET "/kittens" for 127.0.0.1 at 2017-07-01 22:21:22 +0800
Processing by KittensController#index as HTML
  Rendering kittens/index.html.erb within layouts/application
  Rendered kittens/index.html.erb within layouts/application (2.0ms)
Completed 500 Internal Server Error in 201ms (ActiveRecord: 0.0ms)


  
SyntaxError (C:/Users/won/Desktop/the_odin_project/kittens-api/app/views/kittens/index.html.erb:6: syntax error, unexpected '='
...ass: "btn btn-default", {class="text-left"}, method: :delete...
...                               ^
C:/Users/won/Desktop/the_odin_project/kittens-api/app/views/kittens/index.html.erb:6: syntax error, unexpected '}', expecting ')'
...n-default", {class="text-left"}, method: :delete );@output_b...
...                               ^):
  
app/views/kittens/index.html.erb:6: syntax error, unexpected '='
app/views/kittens/index.html.erb:6: syntax error, unexpected '}', expecting ')'
Started GET "/kittens" for 127.0.0.1 at 2017-07-01 22:21:44 +0800
Processing by KittensController#index as HTML
  Rendering kittens/index.html.erb within layouts/application
  Rendered kittens/index.html.erb within layouts/application (4.0ms)
Completed 500 Internal Server Error in 219ms (ActiveRecord: 0.0ms)


  
SyntaxError (C:/Users/won/Desktop/the_odin_project/kittens-api/app/views/kittens/index.html.erb:6: syntax error, unexpected ',', expecting =>
...default", {class: "text-left"}, method: :delete );@output_bu...
...                               ^):
  
app/views/kittens/index.html.erb:6: syntax error, unexpected ',', expecting =>
Started GET "/kittens" for 127.0.0.1 at 2017-07-01 22:22:51 +0800
Processing by KittensController#index as HTML
  Rendering kittens/index.html.erb within layouts/application
  [1m[36mKitten Load (1.0ms)[0m  [1m[34mSELECT "kittens".* FROM "kittens"[0m
  Rendered kittens/index.html.erb within layouts/application (5.0ms)
  Rendered layouts/_header.html.erb (1.0ms)
Completed 200 OK in 628ms (Views: 583.8ms | ActiveRecord: 1.0ms)


Started GET "/kittens" for 127.0.0.1 at 2017-07-01 22:23:28 +0800
Processing by KittensController#index as HTML
  Rendering kittens/index.html.erb within layouts/application
  [1m[36mKitten Load (1.0ms)[0m  [1m[34mSELECT "kittens".* FROM "kittens"[0m
  Rendered kittens/index.html.erb within layouts/application (6.0ms)
  Rendered layouts/_header.html.erb (1.0ms)
Completed 200 OK in 668ms (Views: 612.5ms | ActiveRecord: 1.0ms)


Started GET "/kittens" for 127.0.0.1 at 2017-07-01 22:24:34 +0800
Processing by KittensController#index as HTML
  Rendering kittens/index.html.erb within layouts/application
  [1m[36mKitten Load (1.0ms)[0m  [1m[34mSELECT "kittens".* FROM "kittens"[0m
  Rendered kittens/index.html.erb within layouts/application (10.0ms)
  Rendered layouts/_header.html.erb (1.0ms)
Completed 200 OK in 689ms (Views: 637.2ms | ActiveRecord: 1.0ms)


Started GET "/kittens" for 127.0.0.1 at 2017-07-01 22:24:48 +0800
Processing by KittensController#index as HTML
  Rendering kittens/index.html.erb within layouts/application
  [1m[36mKitten Load (1.0ms)[0m  [1m[34mSELECT "kittens".* FROM "kittens"[0m
  Rendered kittens/index.html.erb within layouts/application (5.0ms)
  Rendered layouts/_header.html.erb (1.0ms)
Completed 200 OK in 691ms (Views: 637.3ms | ActiveRecord: 1.0ms)


Started GET "/kittens" for 127.0.0.1 at 2017-07-01 22:25:00 +0800
Processing by KittensController#index as HTML
  Rendering kittens/index.html.erb within layouts/application
  [1m[36mKitten Load (1.0ms)[0m  [1m[34mSELECT "kittens".* FROM "kittens"[0m
  Rendered kittens/index.html.erb within layouts/application (6.0ms)
  Rendered layouts/_header.html.erb (1.0ms)
Completed 200 OK in 701ms (Views: 648.4ms | ActiveRecord: 1.0ms)


Started GET "/kittens" for 127.0.0.1 at 2017-07-01 22:25:11 +0800
Processing by KittensController#index as HTML
  Rendering kittens/index.html.erb within layouts/application
  [1m[36mKitten Load (0.0ms)[0m  [1m[34mSELECT "kittens".* FROM "kittens"[0m
  Rendered kittens/index.html.erb within layouts/application (5.0ms)
  Rendered layouts/_header.html.erb (1.0ms)
Completed 200 OK in 720ms (Views: 667.3ms | ActiveRecord: 0.0ms)


Started GET "/kittens" for 127.0.0.1 at 2017-07-01 22:26:48 +0800
Processing by KittensController#index as HTML
  Rendering kittens/index.html.erb within layouts/application
  [1m[36mKitten Load (1.0ms)[0m  [1m[34mSELECT "kittens".* FROM "kittens"[0m
  Rendered kittens/index.html.erb within layouts/application (41.0ms)
  Rendered layouts/_header.html.erb (1.0ms)
Completed 200 OK in 738ms (Views: 686.6ms | ActiveRecord: 1.0ms)


Started GET "/kittens" for 127.0.0.1 at 2017-07-01 22:26:59 +0800
Processing by KittensController#index as HTML
  Rendering kittens/index.html.erb within layouts/application
  [1m[36mKitten Load (1.0ms)[0m  [1m[34mSELECT "kittens".* FROM "kittens"[0m
  Rendered kittens/index.html.erb within layouts/application (8.0ms)
  Rendered layouts/_header.html.erb (1.0ms)
Completed 200 OK in 778ms (Views: 725.8ms | ActiveRecord: 1.0ms)


Started GET "/kittens" for 127.0.0.1 at 2017-07-01 22:28:16 +0800
Processing by KittensController#index as HTML
  Rendering kittens/index.html.erb within layouts/application
  [1m[36mKitten Load (1.0ms)[0m  [1m[34mSELECT "kittens".* FROM "kittens"[0m
  Rendered kittens/index.html.erb within layouts/application (5.0ms)
  Rendered layouts/_header.html.erb (1.0ms)
Completed 200 OK in 779ms (Views: 725.0ms | ActiveRecord: 1.0ms)


Started GET "/kittens" for 127.0.0.1 at 2017-07-01 22:28:46 +0800
Processing by KittensController#index as HTML
  Rendering kittens/index.html.erb within layouts/application
  [1m[36mKitten Load (1.0ms)[0m  [1m[34mSELECT "kittens".* FROM "kittens"[0m
  Rendered kittens/index.html.erb within layouts/application (4.0ms)
  Rendered layouts/_header.html.erb (1.0ms)
Completed 200 OK in 709ms (Views: 656.7ms | ActiveRecord: 1.0ms)


Started GET "/kittens" for 127.0.0.1 at 2017-07-01 22:28:51 +0800
Processing by KittensController#index as HTML
  Rendering kittens/index.html.erb within layouts/application
  [1m[36mKitten Load (1.0ms)[0m  [1m[34mSELECT "kittens".* FROM "kittens"[0m
  Rendered kittens/index.html.erb within layouts/application (5.0ms)
  Rendered layouts/_header.html.erb (2.0ms)
Completed 200 OK in 679ms (Views: 626.4ms | ActiveRecord: 1.0ms)


Started GET "/kittens" for 127.0.0.1 at 2017-07-01 22:29:27 +0800
Processing by KittensController#index as HTML
  Rendering kittens/index.html.erb within layouts/application
  [1m[36mKitten Load (0.0ms)[0m  [1m[34mSELECT "kittens".* FROM "kittens"[0m
  Rendered kittens/index.html.erb within layouts/application (6.0ms)
  Rendered layouts/_header.html.erb (1.0ms)
Completed 200 OK in 697ms (Views: 638.6ms | ActiveRecord: 0.0ms)


Started GET "/kittens" for 127.0.0.1 at 2017-07-01 22:30:39 +0800
Processing by KittensController#index as HTML
  Rendering kittens/index.html.erb within layouts/application
  [1m[36mKitten Load (1.0ms)[0m  [1m[34mSELECT "kittens".* FROM "kittens"[0m
  Rendered kittens/index.html.erb within layouts/application (5.0ms)
  Rendered layouts/_header.html.erb (1.0ms)
Completed 200 OK in 700ms (Views: 647.4ms | ActiveRecord: 1.0ms)


Started GET "/kittens" for 127.0.0.1 at 2017-07-01 22:33:28 +0800
Processing by KittensController#index as HTML
  Rendering kittens/index.html.erb within layouts/application
  [1m[36mKitten Load (1.0ms)[0m  [1m[34mSELECT "kittens".* FROM "kittens"[0m
  Rendered kittens/index.html.erb within layouts/application (4.0ms)
  Rendered layouts/_header.html.erb (1.0ms)
Completed 200 OK in 642ms (Views: 598.7ms | ActiveRecord: 1.0ms)


Started GET "/kittens" for 127.0.0.1 at 2017-07-01 22:34:07 +0800
Processing by KittensController#index as HTML
  Rendering kittens/index.html.erb within layouts/application
  [1m[36mKitten Load (1.0ms)[0m  [1m[34mSELECT "kittens".* FROM "kittens"[0m
  Rendered kittens/index.html.erb within layouts/application (5.0ms)
  Rendered layouts/_header.html.erb (2.0ms)
Completed 200 OK in 662ms (Views: 609.5ms | ActiveRecord: 1.0ms)


Started GET "/kittens" for 127.0.0.1 at 2017-07-01 22:34:42 +0800
Processing by KittensController#index as HTML
  Rendering kittens/index.html.erb within layouts/application
  [1m[36mKitten Load (1.0ms)[0m  [1m[34mSELECT "kittens".* FROM "kittens"[0m
  Rendered kittens/index.html.erb within layouts/application (46.0ms)
  Rendered layouts/_header.html.erb (1.0ms)
Completed 200 OK in 726ms (Views: 672.6ms | ActiveRecord: 1.0ms)


Started GET "/kittens" for 127.0.0.1 at 2017-07-01 22:34:49 +0800
Processing by KittensController#index as HTML
  Rendering kittens/index.html.erb within layouts/application
  [1m[36mKitten Load (0.0ms)[0m  [1m[34mSELECT "kittens".* FROM "kittens"[0m
  Rendered kittens/index.html.erb within layouts/application (6.0ms)
  Rendered layouts/_header.html.erb (1.0ms)
Completed 200 OK in 687ms (Views: 636.0ms | ActiveRecord: 0.0ms)


Started GET "/kittens" for 127.0.0.1 at 2017-07-01 22:35:21 +0800
Processing by KittensController#index as HTML
  Rendering kittens/index.html.erb within layouts/application
  [1m[36mKitten Load (1.0ms)[0m  [1m[34mSELECT "kittens".* FROM "kittens"[0m
  Rendered kittens/index.html.erb within layouts/application (10.0ms)
  Rendered layouts/_header.html.erb (1.0ms)
Completed 200 OK in 659ms (Views: 604.5ms | ActiveRecord: 1.0ms)


Started GET "/kittens" for 127.0.0.1 at 2017-07-01 22:35:40 +0800
Processing by KittensController#index as HTML
  Rendering kittens/index.html.erb within layouts/application
  [1m[36mKitten Load (3.0ms)[0m  [1m[34mSELECT "kittens".* FROM "kittens"[0m
  Rendered kittens/index.html.erb within layouts/application (7.0ms)
  Rendered layouts/_header.html.erb (1.0ms)
Completed 200 OK in 672ms (Views: 617.5ms | ActiveRecord: 3.0ms)


Started GET "/kittens" for 127.0.0.1 at 2017-07-01 22:35:48 +0800
Processing by KittensController#index as HTML
  Rendering kittens/index.html.erb within layouts/application
  [1m[36mKitten Load (0.0ms)[0m  [1m[34mSELECT "kittens".* FROM "kittens"[0m
  Rendered kittens/index.html.erb within layouts/application (7.0ms)
  Rendered layouts/_header.html.erb (1.0ms)
Completed 200 OK in 729ms (Views: 675.4ms | ActiveRecord: 0.0ms)


Started GET "/kittens" for 127.0.0.1 at 2017-07-01 22:36:28 +0800
Processing by KittensController#index as HTML
  Rendering kittens/index.html.erb within layouts/application
  [1m[36mKitten Load (1.0ms)[0m  [1m[34mSELECT "kittens".* FROM "kittens"[0m
  Rendered kittens/index.html.erb within layouts/application (6.0ms)
  Rendered layouts/_header.html.erb (1.0ms)
Completed 200 OK in 668ms (Views: 617.9ms | ActiveRecord: 1.0ms)


Started GET "/kittens" for 127.0.0.1 at 2017-07-01 22:36:46 +0800
Processing by KittensController#index as HTML
  Rendering kittens/index.html.erb within layouts/application
  [1m[36mKitten Load (0.0ms)[0m  [1m[34mSELECT "kittens".* FROM "kittens"[0m
  Rendered kittens/index.html.erb within layouts/application (6.0ms)
  Rendered layouts/_header.html.erb (1.0ms)
Completed 200 OK in 690ms (Views: 638.1ms | ActiveRecord: 0.0ms)


Started GET "/kittens" for 127.0.0.1 at 2017-07-01 22:36:59 +0800
Processing by KittensController#index as HTML
  Rendering kittens/index.html.erb within layouts/application
  [1m[36mKitten Load (0.0ms)[0m  [1m[34mSELECT "kittens".* FROM "kittens"[0m
  Rendered kittens/index.html.erb within layouts/application (6.0ms)
  Rendered layouts/_header.html.erb (1.0ms)
Completed 200 OK in 728ms (Views: 674.8ms | ActiveRecord: 0.0ms)


Started GET "/kittens" for 127.0.0.1 at 2017-07-01 22:37:07 +0800
Processing by KittensController#index as HTML
  Rendering kittens/index.html.erb within layouts/application
  [1m[36mKitten Load (0.0ms)[0m  [1m[34mSELECT "kittens".* FROM "kittens"[0m
  Rendered kittens/index.html.erb within layouts/application (6.0ms)
  Rendered layouts/_header.html.erb (1.0ms)
Completed 200 OK in 731ms (Views: 678.4ms | ActiveRecord: 0.0ms)


Started GET "/kittens" for 127.0.0.1 at 2017-07-01 22:38:05 +0800
Processing by KittensController#index as HTML
  Rendering kittens/index.html.erb within layouts/application
  [1m[36mKitten Load (1.0ms)[0m  [1m[34mSELECT "kittens".* FROM "kittens"[0m
  Rendered kittens/index.html.erb within layouts/application (5.0ms)
  Rendered layouts/_header.html.erb (1.0ms)
Completed 200 OK in 728ms (Views: 675.0ms | ActiveRecord: 1.0ms)


Started GET "/kittens" for 127.0.0.1 at 2017-07-01 22:38:15 +0800
Processing by KittensController#index as HTML
  Rendering kittens/index.html.erb within layouts/application
  [1m[36mKitten Load (1.0ms)[0m  [1m[34mSELECT "kittens".* FROM "kittens"[0m
  Rendered kittens/index.html.erb within layouts/application (5.0ms)
  Rendered layouts/_header.html.erb (1.0ms)
Completed 200 OK in 690ms (Views: 638.9ms | ActiveRecord: 1.0ms)


Started GET "/kittens" for 127.0.0.1 at 2017-07-01 22:38:24 +0800
Processing by KittensController#index as HTML
  Rendering kittens/index.html.erb within layouts/application
  [1m[36mKitten Load (1.0ms)[0m  [1m[34mSELECT "kittens".* FROM "kittens"[0m
  Rendered kittens/index.html.erb within layouts/application (5.0ms)
  Rendered layouts/_header.html.erb (1.0ms)
Completed 200 OK in 712ms (Views: 657.1ms | ActiveRecord: 1.0ms)


Started GET "/kittens" for 127.0.0.1 at 2017-07-01 22:38:35 +0800
Processing by KittensController#index as HTML
  Rendering kittens/index.html.erb within layouts/application
  [1m[36mKitten Load (1.0ms)[0m  [1m[34mSELECT "kittens".* FROM "kittens"[0m
  Rendered kittens/index.html.erb within layouts/application (7.0ms)
  Rendered layouts/_header.html.erb (2.0ms)
Completed 200 OK in 741ms (Views: 685.8ms | ActiveRecord: 1.0ms)


Started GET "/kittens" for 127.0.0.1 at 2017-07-01 22:38:41 +0800
Processing by KittensController#index as HTML
  Rendering kittens/index.html.erb within layouts/application
  [1m[36mKitten Load (0.0ms)[0m  [1m[34mSELECT "kittens".* FROM "kittens"[0m
  Rendered kittens/index.html.erb within layouts/application (6.0ms)
  Rendered layouts/_header.html.erb (2.0ms)
Completed 200 OK in 698ms (Views: 644.1ms | ActiveRecord: 0.0ms)


Started GET "/kittens" for 127.0.0.1 at 2017-07-01 22:38:49 +0800
Processing by KittensController#index as HTML
  Rendering kittens/index.html.erb within layouts/application
  [1m[36mKitten Load (0.0ms)[0m  [1m[34mSELECT "kittens".* FROM "kittens"[0m
  Rendered kittens/index.html.erb within layouts/application (5.0ms)
  Rendered layouts/_header.html.erb (1.0ms)
Completed 200 OK in 739ms (Views: 685.6ms | ActiveRecord: 0.0ms)


Started GET "/kittens" for 127.0.0.1 at 2017-07-01 22:39:10 +0800
Processing by KittensController#index as HTML
  Rendering kittens/index.html.erb within layouts/application
  [1m[36mKitten Load (1.0ms)[0m  [1m[34mSELECT "kittens".* FROM "kittens"[0m
  Rendered kittens/index.html.erb within layouts/application (6.0ms)
  Rendered layouts/_header.html.erb (1.0ms)
Completed 200 OK in 730ms (Views: 677.3ms | ActiveRecord: 1.0ms)


Started GET "/kittens" for 127.0.0.1 at 2017-07-01 22:39:55 +0800
Processing by KittensController#index as HTML
  Rendering kittens/index.html.erb within layouts/application
  [1m[36mKitten Load (1.0ms)[0m  [1m[34mSELECT "kittens".* FROM "kittens"[0m
  Rendered kittens/index.html.erb within layouts/application (7.0ms)
  Rendered layouts/_header.html.erb (1.0ms)
Completed 200 OK in 698ms (Views: 643.4ms | ActiveRecord: 1.0ms)


Started GET "/kittens" for 127.0.0.1 at 2017-07-01 22:40:10 +0800
Processing by KittensController#index as HTML
  Rendering kittens/index.html.erb within layouts/application
  [1m[36mKitten Load (0.0ms)[0m  [1m[34mSELECT "kittens".* FROM "kittens"[0m
  Rendered kittens/index.html.erb within layouts/application (5.0ms)
  Rendered layouts/_header.html.erb (2.0ms)
Completed 200 OK in 725ms (Views: 672.3ms | ActiveRecord: 0.0ms)


Started GET "/kittens" for 127.0.0.1 at 2017-07-01 22:40:42 +0800
Processing by KittensController#index as HTML
  Rendering kittens/index.html.erb within layouts/application
  [1m[36mKitten Load (0.0ms)[0m  [1m[34mSELECT "kittens".* FROM "kittens"[0m
  Rendered kittens/index.html.erb within layouts/application (7.0ms)
  Rendered layouts/_header.html.erb (1.0ms)
Completed 200 OK in 733ms (Views: 681.1ms | ActiveRecord: 0.0ms)


Started GET "/kittens" for 127.0.0.1 at 2017-07-01 22:41:00 +0800
Processing by KittensController#index as HTML
  Rendering kittens/index.html.erb within layouts/application
  [1m[36mKitten Load (1.0ms)[0m  [1m[34mSELECT "kittens".* FROM "kittens"[0m
  Rendered kittens/index.html.erb within layouts/application (4.0ms)
  Rendered layouts/_header.html.erb (1.0ms)
Completed 200 OK in 693ms (Views: 639.6ms | ActiveRecord: 1.0ms)


Started GET "/kittens" for 127.0.0.1 at 2017-07-01 22:41:07 +0800
Processing by KittensController#index as HTML
  Rendering kittens/index.html.erb within layouts/application
  [1m[36mKitten Load (0.0ms)[0m  [1m[34mSELECT "kittens".* FROM "kittens"[0m
  Rendered kittens/index.html.erb within layouts/application (14.0ms)
  Rendered layouts/_header.html.erb (1.0ms)
Completed 200 OK in 731ms (Views: 680.5ms | ActiveRecord: 0.0ms)


Started GET "/kittens" for 127.0.0.1 at 2017-07-01 22:41:19 +0800
Processing by KittensController#index as HTML
  Rendering kittens/index.html.erb within layouts/application
  [1m[36mKitten Load (0.0ms)[0m  [1m[34mSELECT "kittens".* FROM "kittens"[0m
  Rendered kittens/index.html.erb within layouts/application (6.0ms)
  Rendered layouts/_header.html.erb (17.0ms)
Completed 200 OK in 773ms (Views: 720.0ms | ActiveRecord: 0.0ms)


Started GET "/kittens" for 127.0.0.1 at 2017-07-01 22:42:05 +0800
Processing by KittensController#index as HTML
  Rendering kittens/index.html.erb within layouts/application
  [1m[36mKitten Load (0.0ms)[0m  [1m[34mSELECT "kittens".* FROM "kittens"[0m
  Rendered kittens/index.html.erb within layouts/application (4.0ms)
  Rendered layouts/_header.html.erb (1.0ms)
Completed 200 OK in 735ms (Views: 670.0ms | ActiveRecord: 0.0ms)


Started GET "/kittens" for 127.0.0.1 at 2017-07-01 22:43:03 +0800
Processing by KittensController#index as HTML
  Rendering kittens/index.html.erb within layouts/application
  [1m[36mKitten Load (0.0ms)[0m  [1m[34mSELECT "kittens".* FROM "kittens"[0m
  Rendered kittens/index.html.erb within layouts/application (4.0ms)
  Rendered layouts/_header.html.erb (1.0ms)
Completed 200 OK in 680ms (Views: 629.7ms | ActiveRecord: 0.0ms)


Started GET "/kittens" for 127.0.0.1 at 2017-07-01 22:43:45 +0800
Processing by KittensController#index as HTML
  Rendering kittens/index.html.erb within layouts/application
  [1m[36mKitten Load (0.0ms)[0m  [1m[34mSELECT "kittens".* FROM "kittens"[0m
  Rendered kittens/index.html.erb within layouts/application (12.0ms)
  Rendered layouts/_header.html.erb (1.0ms)
Completed 200 OK in 749ms (Views: 697.2ms | ActiveRecord: 0.0ms)


Started GET "/kittens" for 127.0.0.1 at 2017-07-01 22:44:21 +0800
Processing by KittensController#index as HTML
  Rendering kittens/index.html.erb within layouts/application
  [1m[36mKitten Load (0.0ms)[0m  [1m[34mSELECT "kittens".* FROM "kittens"[0m
  Rendered kittens/index.html.erb within layouts/application (5.0ms)
  Rendered layouts/_header.html.erb (1.0ms)
Completed 200 OK in 719ms (Views: 665.9ms | ActiveRecord: 0.0ms)


Started GET "/kittens" for 127.0.0.1 at 2017-07-01 22:45:11 +0800
Processing by KittensController#index as HTML
  Rendering kittens/index.html.erb within layouts/application
  [1m[36mKitten Load (1.0ms)[0m  [1m[34mSELECT "kittens".* FROM "kittens"[0m
  Rendered kittens/index.html.erb within layouts/application (8.0ms)
  Rendered layouts/_header.html.erb (1.0ms)
Completed 200 OK in 663ms (Views: 609.6ms | ActiveRecord: 1.0ms)


Started GET "/kittens" for 127.0.0.1 at 2017-07-01 22:45:23 +0800
Processing by KittensController#index as HTML
  Rendering kittens/index.html.erb within layouts/application
  [1m[36mKitten Load (0.0ms)[0m  [1m[34mSELECT "kittens".* FROM "kittens"[0m
  Rendered kittens/index.html.erb within layouts/application (5.0ms)
  Rendered layouts/_header.html.erb (1.0ms)
Completed 200 OK in 747ms (Views: 694.6ms | ActiveRecord: 0.0ms)


Started GET "/kittens" for 127.0.0.1 at 2017-07-01 22:45:39 +0800
Processing by KittensController#index as HTML
  Rendering kittens/index.html.erb within layouts/application
  [1m[36mKitten Load (1.0ms)[0m  [1m[34mSELECT "kittens".* FROM "kittens"[0m
  Rendered kittens/index.html.erb within layouts/application (5.0ms)
  Rendered layouts/_header.html.erb (1.0ms)
Completed 200 OK in 757ms (Views: 703.5ms | ActiveRecord: 1.0ms)


Started GET "/kittens" for 127.0.0.1 at 2017-07-01 22:46:53 +0800
Processing by KittensController#index as HTML
  Rendering kittens/index.html.erb within layouts/application
  [1m[36mKitten Load (1.0ms)[0m  [1m[34mSELECT "kittens".* FROM "kittens"[0m
  Rendered kittens/index.html.erb within layouts/application (8.0ms)
  Rendered layouts/_header.html.erb (1.0ms)
Completed 200 OK in 708ms (Views: 655.9ms | ActiveRecord: 1.0ms)


Started GET "/kittens" for 127.0.0.1 at 2017-07-01 22:48:50 +0800
Processing by KittensController#index as HTML
  Rendering kittens/index.html.erb within layouts/application
  [1m[36mKitten Load (1.0ms)[0m  [1m[34mSELECT "kittens".* FROM "kittens"[0m
  Rendered kittens/index.html.erb within layouts/application (5.0ms)
  Rendered layouts/_header.html.erb (1.0ms)
Completed 200 OK in 742ms (Views: 688.8ms | ActiveRecord: 1.0ms)


Started GET "/kittens" for 127.0.0.1 at 2017-07-01 22:49:00 +0800
Processing by KittensController#index as HTML
  Rendering kittens/index.html.erb within layouts/application
  [1m[36mKitten Load (0.0ms)[0m  [1m[34mSELECT "kittens".* FROM "kittens"[0m
  Rendered kittens/index.html.erb within layouts/application (4.0ms)
  Rendered layouts/_header.html.erb (6.0ms)
Completed 200 OK in 724ms (Views: 671.2ms | ActiveRecord: 0.0ms)


Started GET "/kittens" for 127.0.0.1 at 2017-07-01 22:49:28 +0800
Processing by KittensController#index as HTML
  Rendering kittens/index.html.erb within layouts/application
  [1m[36mKitten Load (1.0ms)[0m  [1m[34mSELECT "kittens".* FROM "kittens"[0m
  Rendered kittens/index.html.erb within layouts/application (5.0ms)
  Rendered layouts/_header.html.erb (1.0ms)
Completed 200 OK in 713ms (Views: 658.9ms | ActiveRecord: 1.0ms)


Started DELETE "/kittens" for 127.0.0.1 at 2017-07-01 22:49:40 +0800
  
ActionController::RoutingError (No route matches [DELETE] "/kittens"):
  
actionpack (5.1.2) lib/action_dispatch/middleware/debug_exceptions.rb:63:in `call'
web-console (3.5.1) lib/web_console/middleware.rb:135:in `call_app'
web-console (3.5.1) lib/web_console/middleware.rb:28:in `block in call'
web-console (3.5.1) lib/web_console/middleware.rb:18:in `catch'
web-console (3.5.1) lib/web_console/middleware.rb:18:in `call'
actionpack (5.1.2) lib/action_dispatch/middleware/show_exceptions.rb:31:in `call'
railties (5.1.2) lib/rails/rack/logger.rb:36:in `call_app'
railties (5.1.2) lib/rails/rack/logger.rb:24:in `block in call'
activesupport (5.1.2) lib/active_support/tagged_logging.rb:69:in `block in tagged'
activesupport (5.1.2) lib/active_support/tagged_logging.rb:26:in `tagged'
activesupport (5.1.2) lib/active_support/tagged_logging.rb:69:in `tagged'
railties (5.1.2) lib/rails/rack/logger.rb:24:in `call'
sprockets-rails (3.2.0) lib/sprockets/rails/quiet_assets.rb:13:in `call'
actionpack (5.1.2) lib/action_dispatch/middleware/remote_ip.rb:79:in `call'
actionpack (5.1.2) lib/action_dispatch/middleware/request_id.rb:25:in `call'
rack (2.0.3) lib/rack/method_override.rb:22:in `call'
rack (2.0.3) lib/rack/runtime.rb:22:in `call'
activesupport (5.1.2) lib/active_support/cache/strategy/local_cache_middleware.rb:27:in `call'
actionpack (5.1.2) lib/action_dispatch/middleware/executor.rb:12:in `call'
actionpack (5.1.2) lib/action_dispatch/middleware/static.rb:125:in `call'
rack (2.0.3) lib/rack/sendfile.rb:111:in `call'
railties (5.1.2) lib/rails/engine.rb:522:in `call'
puma (3.9.1) lib/puma/configuration.rb:224:in `call'
puma (3.9.1) lib/puma/server.rb:602:in `handle_request'
puma (3.9.1) lib/puma/server.rb:435:in `process_client'
puma (3.9.1) lib/puma/server.rb:299:in `block in run'
puma (3.9.1) lib/puma/thread_pool.rb:120:in `block in spawn_thread'
Started GET "/kittens" for 127.0.0.1 at 2017-07-01 22:50:28 +0800
Processing by KittensController#index as HTML
  Rendering kittens/index.html.erb within layouts/application
  [1m[36mKitten Load (1.0ms)[0m  [1m[34mSELECT "kittens".* FROM "kittens"[0m
  Rendered kittens/index.html.erb within layouts/application (5.0ms)
  Rendered layouts/_header.html.erb (1.0ms)
Completed 200 OK in 806ms (Views: 755.1ms | ActiveRecord: 1.0ms)


Started GET "/kittens" for 127.0.0.1 at 2017-07-01 22:51:05 +0800
Processing by KittensController#index as HTML
  Rendering kittens/index.html.erb within layouts/application
  [1m[36mKitten Load (0.0ms)[0m  [1m[34mSELECT "kittens".* FROM "kittens"[0m
  Rendered kittens/index.html.erb within layouts/application (108.0ms)
  Rendered layouts/_header.html.erb (1.0ms)
Completed 200 OK in 940ms (Views: 888.8ms | ActiveRecord: 0.0ms)


Started DELETE "/kittens/2" for 127.0.0.1 at 2017-07-01 22:51:08 +0800
Processing by KittensController#destroy as HTML
  Parameters: {"authenticity_token"=>"evbXjEU926yaX5taD4SXIokxzjU8QgUNEre57K24+Bvf6LQXCyxGMhGmDTxsyExjCUHttaZvFZW6k2PhpB1BQw==", "id"=>"2"}
  [1m[36mKitten Load (14.0ms)[0m  [1m[34mSELECT  "kittens".* FROM "kittens" WHERE "kittens"."id" = ? LIMIT ?[0m  [["id", 2], ["LIMIT", 1]]
  [1m[35m (8.0ms)[0m  [1m[36mbegin transaction[0m
  [1m[35mSQL (70.0ms)[0m  [1m[31mDELETE FROM "kittens" WHERE "kittens"."id" = ?[0m  [["id", 2]]
  [1m[35m (315.0ms)[0m  [1m[36mcommit transaction[0m
Redirected to http://localhost:3000/kittens
Completed 302 Found in 1091ms (ActiveRecord: 407.0ms)


Started GET "/kittens" for 127.0.0.1 at 2017-07-01 22:51:09 +0800
Processing by KittensController#index as HTML
  Rendering kittens/index.html.erb within layouts/application
  [1m[36mKitten Load (0.0ms)[0m  [1m[34mSELECT "kittens".* FROM "kittens"[0m
  Rendered kittens/index.html.erb within layouts/application (30.0ms)
  Rendered layouts/_header.html.erb (1.0ms)
Completed 200 OK in 684ms (Views: 634.9ms | ActiveRecord: 0.0ms)


Started GET "/kittens/new" for 127.0.0.1 at 2017-07-01 22:52:31 +0800
Processing by KittensController#new as HTML
  Rendering kittens/new.html.erb within layouts/application
  Rendered kittens/new.html.erb within layouts/application (696.0ms)
  Rendered layouts/_header.html.erb (1.0ms)
Completed 200 OK in 1607ms (Views: 1395.2ms | ActiveRecord: 0.0ms)


Started POST "/kittens" for 127.0.0.1 at 2017-07-01 22:52:40 +0800
Processing by KittensController#create as HTML
  Parameters: {"utf8"=>"✓", "authenticity_token"=>"HSei6lxApNFPtSAC4PXT76yoSTwIa1qeKLQSUUT7pHq4OcFxElE5T8RMtmSDuQiuLNhqvJJGSgaAkMhcTV4dIg==", "kitten"=>{"name"=>"Lol", "age"=>"1", "cuteness"=>"1", "softness"=>"1"}, "commit"=>"Submit"}
  [1m[35m (0.0ms)[0m  [1m[36mbegin transaction[0m
  [1m[35mSQL (3.0ms)[0m  [1m[32mINSERT INTO "kittens" ("name", "age", "cuteness", "softness", "created_at", "updated_at") VALUES (?, ?, ?, ?, ?, ?)[0m  [["name", "Lol"], ["age", 1], ["cuteness", 1], ["softness", 1], ["created_at", "2017-07-01 14:52:41.402000"], ["updated_at", "2017-07-01 14:52:41.402000"]]
  [1m[35m (101.0ms)[0m  [1m[36mcommit transaction[0m
Redirected to http://localhost:3000/kittens/3
Completed 302 Found in 441ms (ActiveRecord: 104.0ms)


Started GET "/kittens/3" for 127.0.0.1 at 2017-07-01 22:52:41 +0800
Processing by KittensController#show as HTML
  Parameters: {"id"=>"3"}
  [1m[36mKitten Load (1.0ms)[0m  [1m[34mSELECT  "kittens".* FROM "kittens" WHERE "kittens"."id" = ? LIMIT ?[0m  [["id", 3], ["LIMIT", 1]]
  Rendering kittens/show.html.erb within layouts/application
  Rendered kittens/show.html.erb within layouts/application (1.0ms)
  Rendered layouts/_header.html.erb (20.0ms)
Completed 200 OK in 741ms (Views: 681.1ms | ActiveRecord: 1.0ms)


Started GET "/kittens/" for 127.0.0.1 at 2017-07-01 22:52:55 +0800
Processing by KittensController#index as HTML
  Rendering kittens/index.html.erb within layouts/application
  [1m[36mKitten Load (0.0ms)[0m  [1m[34mSELECT "kittens".* FROM "kittens"[0m
  Rendered kittens/index.html.erb within layouts/application (128.0ms)
  Rendered layouts/_header.html.erb (1.0ms)
Completed 200 OK in 950ms (Views: 799.0ms | ActiveRecord: 3.0ms)


Started GET "/kittens/" for 127.0.0.1 at 2017-07-01 22:53:14 +0800
Processing by KittensController#index as HTML
  Rendering kittens/index.html.erb within layouts/application
  [1m[36mKitten Load (0.0ms)[0m  [1m[34mSELECT "kittens".* FROM "kittens"[0m
  Rendered kittens/index.html.erb within layouts/application (5.0ms)
  Rendered layouts/_header.html.erb (1.0ms)
Completed 200 OK in 779ms (Views: 723.7ms | ActiveRecord: 0.0ms)


Started GET "/kittens/" for 127.0.0.1 at 2017-07-01 22:53:26 +0800
Processing by KittensController#index as HTML
  Rendering kittens/index.html.erb within layouts/application
  [1m[36mKitten Load (4.0ms)[0m  [1m[34mSELECT "kittens".* FROM "kittens"[0m
  Rendered kittens/index.html.erb within layouts/application (9.0ms)
  Rendered layouts/_header.html.erb (2.0ms)
Completed 200 OK in 707ms (Views: 653.2ms | ActiveRecord: 4.0ms)


Started GET "/kittens/" for 127.0.0.1 at 2017-07-01 22:53:32 +0800
Processing by KittensController#index as HTML
  Rendering kittens/index.html.erb within layouts/application
  [1m[36mKitten Load (1.0ms)[0m  [1m[34mSELECT "kittens".* FROM "kittens"[0m
  Rendered kittens/index.html.erb within layouts/application (4.0ms)
  Rendered layouts/_header.html.erb (1.0ms)
Completed 200 OK in 703ms (Views: 630.0ms | ActiveRecord: 1.0ms)


Started GET "/kittens/" for 127.0.0.1 at 2017-07-01 22:53:44 +0800
Processing by KittensController#index as HTML
  Rendering kittens/index.html.erb within layouts/application
  [1m[36mKitten Load (1.0ms)[0m  [1m[34mSELECT "kittens".* FROM "kittens"[0m
  Rendered kittens/index.html.erb within layouts/application (5.0ms)
  Rendered layouts/_header.html.erb (1.0ms)
Completed 200 OK in 776ms (Views: 724.2ms | ActiveRecord: 1.0ms)


Started GET "/kittens/" for 127.0.0.1 at 2017-07-01 22:53:56 +0800
Processing by KittensController#index as HTML
  Rendering kittens/index.html.erb within layouts/application
  [1m[36mKitten Load (0.0ms)[0m  [1m[34mSELECT "kittens".* FROM "kittens"[0m
  Rendered kittens/index.html.erb within layouts/application (5.0ms)
  Rendered layouts/_header.html.erb (1.0ms)
Completed 200 OK in 744ms (Views: 685.3ms | ActiveRecord: 0.0ms)


Started GET "/kittens/" for 127.0.0.1 at 2017-07-01 22:54:15 +0800
Processing by KittensController#index as HTML
  Rendering kittens/index.html.erb within layouts/application
  [1m[36mKitten Load (1.0ms)[0m  [1m[34mSELECT "kittens".* FROM "kittens"[0m
  Rendered kittens/index.html.erb within layouts/application (6.0ms)
  Rendered layouts/_header.html.erb (1.0ms)
Completed 200 OK in 719ms (Views: 665.8ms | ActiveRecord: 1.0ms)


Started GET "/kittens/" for 127.0.0.1 at 2017-07-01 22:55:07 +0800
Processing by KittensController#index as HTML
  Rendering kittens/index.html.erb within layouts/application
  [1m[36mKitten Load (3.0ms)[0m  [1m[34mSELECT "kittens".* FROM "kittens"[0m
  Rendered kittens/index.html.erb within layouts/application (7.0ms)
  Rendered layouts/_header.html.erb (1.0ms)
Completed 200 OK in 772ms (Views: 718.7ms | ActiveRecord: 3.0ms)


Started GET "/kittens/" for 127.0.0.1 at 2017-07-01 22:56:02 +0800
Processing by KittensController#index as HTML
  Rendering kittens/index.html.erb within layouts/application
  [1m[36mKitten Load (1.0ms)[0m  [1m[34mSELECT "kittens".* FROM "kittens"[0m
  Rendered kittens/index.html.erb within layouts/application (13.0ms)
  Rendered layouts/_header.html.erb (1.0ms)
Completed 200 OK in 751ms (Views: 696.4ms | ActiveRecord: 1.0ms)


Started GET "/kittens/" for 127.0.0.1 at 2017-07-01 22:56:18 +0800
Processing by KittensController#index as HTML
  Rendering kittens/index.html.erb within layouts/application
  [1m[36mKitten Load (0.0ms)[0m  [1m[34mSELECT "kittens".* FROM "kittens"[0m
  Rendered kittens/index.html.erb within layouts/application (29.0ms)
  Rendered layouts/_header.html.erb (1.0ms)
Completed 200 OK in 819ms (Views: 769.0ms | ActiveRecord: 0.0ms)


Started GET "/kittens/" for 127.0.0.1 at 2017-07-01 22:57:30 +0800
Processing by KittensController#index as HTML
  Rendering kittens/index.html.erb within layouts/application
  [1m[36mKitten Load (1.0ms)[0m  [1m[34mSELECT "kittens".* FROM "kittens"[0m
  Rendered kittens/index.html.erb within layouts/application (5.0ms)
  Rendered layouts/_header.html.erb (1.0ms)
Completed 200 OK in 765ms (Views: 709.6ms | ActiveRecord: 1.0ms)


Started GET "/kittens/1" for 127.0.0.1 at 2017-07-01 22:58:44 +0800
Processing by KittensController#show as HTML
  Parameters: {"id"=>"1"}
  [1m[36mKitten Load (1.0ms)[0m  [1m[34mSELECT  "kittens".* FROM "kittens" WHERE "kittens"."id" = ? LIMIT ?[0m  [["id", 1], ["LIMIT", 1]]
  Rendering kittens/show.html.erb within layouts/application
  Rendered kittens/show.html.erb within layouts/application (4840.0ms)
Completed 500 Internal Server Error in 5093ms (ActiveRecord: 1.0ms)


  
ActionView::Template::Error (undefined local variable or method `kitten' for #<#<Class:0xea6e5b0>:0xcb878b0>
Did you mean?  @kitten):
     8:       </ul>
     9:   </div>
    10: </div>
    11: <%= link_to "Exterminate kitten", kitten, class: "btn btn-default text-right", method: :delete %>
  
app/views/kittens/show.html.erb:11:in `_app_views_kittens_show_html_erb__838269106_106708848'
Started GET "/kittens/1" for 127.0.0.1 at 2017-07-01 22:59:11 +0800
Processing by KittensController#show as HTML
  Parameters: {"id"=>"1"}
  [1m[36mKitten Load (0.0ms)[0m  [1m[34mSELECT  "kittens".* FROM "kittens" WHERE "kittens"."id" = ? LIMIT ?[0m  [["id", 1], ["LIMIT", 1]]
  Rendering kittens/show.html.erb within layouts/application
  Rendered kittens/show.html.erb within layouts/application (2.0ms)
  Rendered layouts/_header.html.erb (1.0ms)
Completed 200 OK in 719ms (Views: 664.5ms | ActiveRecord: 0.0ms)


Started GET "/kittens/1" for 127.0.0.1 at 2017-07-01 22:59:26 +0800
Processing by KittensController#show as HTML
  Parameters: {"id"=>"1"}
  [1m[36mKitten Load (0.0ms)[0m  [1m[34mSELECT  "kittens".* FROM "kittens" WHERE "kittens"."id" = ? LIMIT ?[0m  [["id", 1], ["LIMIT", 1]]
  Rendering kittens/show.html.erb within layouts/application
  Rendered kittens/show.html.erb within layouts/application (2.0ms)
  Rendered layouts/_header.html.erb (1.0ms)
Completed 200 OK in 702ms (Views: 647.3ms | ActiveRecord: 0.0ms)


Started GET "/kittens" for 127.0.0.1 at 2017-07-02 12:44:43 +0800
  [1m[35m (0.0ms)[0m  [1m[34mSELECT "schema_migrations"."version" FROM "schema_migrations" ORDER BY "schema_migrations"."version" ASC[0m
Processing by KittensController#index as */*
  Rendering kittens/index.html.erb within layouts/application
  [1m[36mKitten Load (0.0ms)[0m  [1m[34mSELECT "kittens".* FROM "kittens"[0m
  Rendered kittens/index.html.erb within layouts/application (62.0ms)
  Rendered layouts/_header.html.erb (1.0ms)
Completed 200 OK in 6474ms (Views: 5873.9ms | ActiveRecord: 2.0ms)


Started GET "/kittens" for 127.0.0.1 at 2017-07-02 12:46:13 +0800
Processing by KittensController#index as JSON
Completed 406 Not Acceptable in 1578ms (ActiveRecord: 0.0ms)


  
ActionController::UnknownFormat (KittensController#index is missing a template for this request format and variant.

request.formats: ["application/json"]
request.variant: []):
  
actionpack (5.1.2) lib/action_controller/metal/implicit_render.rb:40:in `default_render'
actionpack (5.1.2) lib/action_controller/metal/basic_implicit_render.rb:4:in `block in send_action'
actionpack (5.1.2) lib/action_controller/metal/basic_implicit_render.rb:4:in `tap'
actionpack (5.1.2) lib/action_controller/metal/basic_implicit_render.rb:4:in `send_action'
actionpack (5.1.2) lib/abstract_controller/base.rb:186:in `process_action'
actionpack (5.1.2) lib/action_controller/metal/rendering.rb:30:in `process_action'
actionpack (5.1.2) lib/abstract_controller/callbacks.rb:20:in `block in process_action'
activesupport (5.1.2) lib/active_support/callbacks.rb:131:in `run_callbacks'
actionpack (5.1.2) lib/abstract_controller/callbacks.rb:19:in `process_action'
actionpack (5.1.2) lib/action_controller/metal/rescue.rb:20:in `process_action'
actionpack (5.1.2) lib/action_controller/metal/instrumentation.rb:32:in `block in process_action'
activesupport (5.1.2) lib/active_support/notifications.rb:166:in `block in instrument'
activesupport (5.1.2) lib/active_support/notifications/instrumenter.rb:21:in `instrument'
activesupport (5.1.2) lib/active_support/notifications.rb:166:in `instrument'
actionpack (5.1.2) lib/action_controller/metal/instrumentation.rb:30:in `process_action'
actionpack (5.1.2) lib/action_controller/metal/params_wrapper.rb:252:in `process_action'
activerecord (5.1.2) lib/active_record/railties/controller_runtime.rb:22:in `process_action'
actionpack (5.1.2) lib/abstract_controller/base.rb:124:in `process'
actionview (5.1.2) lib/action_view/rendering.rb:30:in `process'
actionpack (5.1.2) lib/action_controller/metal.rb:189:in `dispatch'
actionpack (5.1.2) lib/action_controller/metal.rb:253:in `dispatch'
actionpack (5.1.2) lib/action_dispatch/routing/route_set.rb:49:in `dispatch'
actionpack (5.1.2) lib/action_dispatch/routing/route_set.rb:31:in `serve'
actionpack (5.1.2) lib/action_dispatch/journey/router.rb:46:in `block in serve'
actionpack (5.1.2) lib/action_dispatch/journey/router.rb:33:in `each'
actionpack (5.1.2) lib/action_dispatch/journey/router.rb:33:in `serve'
actionpack (5.1.2) lib/action_dispatch/routing/route_set.rb:832:in `call'
rack (2.0.3) lib/rack/etag.rb:25:in `call'
rack (2.0.3) lib/rack/conditional_get.rb:25:in `call'
rack (2.0.3) lib/rack/head.rb:12:in `call'
rack (2.0.3) lib/rack/session/abstract/id.rb:232:in `context'
rack (2.0.3) lib/rack/session/abstract/id.rb:226:in `call'
actionpack (5.1.2) lib/action_dispatch/middleware/cookies.rb:613:in `call'
activerecord (5.1.2) lib/active_record/migration.rb:556:in `call'
actionpack (5.1.2) lib/action_dispatch/middleware/callbacks.rb:26:in `block in call'
activesupport (5.1.2) lib/active_support/callbacks.rb:97:in `run_callbacks'
actionpack (5.1.2) lib/action_dispatch/middleware/callbacks.rb:24:in `call'
actionpack (5.1.2) lib/action_dispatch/middleware/executor.rb:12:in `call'
actionpack (5.1.2) lib/action_dispatch/middleware/debug_exceptions.rb:59:in `call'
web-console (3.5.1) lib/web_console/middleware.rb:135:in `call_app'
web-console (3.5.1) lib/web_console/middleware.rb:28:in `block in call'
web-console (3.5.1) lib/web_console/middleware.rb:18:in `catch'
web-console (3.5.1) lib/web_console/middleware.rb:18:in `call'
actionpack (5.1.2) lib/action_dispatch/middleware/show_exceptions.rb:31:in `call'
railties (5.1.2) lib/rails/rack/logger.rb:36:in `call_app'
railties (5.1.2) lib/rails/rack/logger.rb:24:in `block in call'
activesupport (5.1.2) lib/active_support/tagged_logging.rb:69:in `block in tagged'
activesupport (5.1.2) lib/active_support/tagged_logging.rb:26:in `tagged'
activesupport (5.1.2) lib/active_support/tagged_logging.rb:69:in `tagged'
railties (5.1.2) lib/rails/rack/logger.rb:24:in `call'
sprockets-rails (3.2.0) lib/sprockets/rails/quiet_assets.rb:13:in `call'
actionpack (5.1.2) lib/action_dispatch/middleware/remote_ip.rb:79:in `call'
actionpack (5.1.2) lib/action_dispatch/middleware/request_id.rb:25:in `call'
rack (2.0.3) lib/rack/method_override.rb:22:in `call'
rack (2.0.3) lib/rack/runtime.rb:22:in `call'
activesupport (5.1.2) lib/active_support/cache/strategy/local_cache_middleware.rb:27:in `call'
actionpack (5.1.2) lib/action_dispatch/middleware/executor.rb:12:in `call'
actionpack (5.1.2) lib/action_dispatch/middleware/static.rb:125:in `call'
rack (2.0.3) lib/rack/sendfile.rb:111:in `call'
railties (5.1.2) lib/rails/engine.rb:522:in `call'
puma (3.9.1) lib/puma/configuration.rb:224:in `call'
puma (3.9.1) lib/puma/server.rb:602:in `handle_request'
puma (3.9.1) lib/puma/server.rb:435:in `process_client'
puma (3.9.1) lib/puma/server.rb:299:in `block in run'
puma (3.9.1) lib/puma/thread_pool.rb:120:in `block in spawn_thread'
Started GET "/kittens" for 127.0.0.1 at 2017-07-02 12:46:41 +0800
Processing by KittensController#index as XML
Completed 406 Not Acceptable in 1623ms (ActiveRecord: 0.0ms)


  
ActionController::UnknownFormat (KittensController#index is missing a template for this request format and variant.

request.formats: ["application/xml"]
request.variant: []):
  
actionpack (5.1.2) lib/action_controller/metal/implicit_render.rb:40:in `default_render'
actionpack (5.1.2) lib/action_controller/metal/basic_implicit_render.rb:4:in `block in send_action'
actionpack (5.1.2) lib/action_controller/metal/basic_implicit_render.rb:4:in `tap'
actionpack (5.1.2) lib/action_controller/metal/basic_implicit_render.rb:4:in `send_action'
actionpack (5.1.2) lib/abstract_controller/base.rb:186:in `process_action'
actionpack (5.1.2) lib/action_controller/metal/rendering.rb:30:in `process_action'
actionpack (5.1.2) lib/abstract_controller/callbacks.rb:20:in `block in process_action'
activesupport (5.1.2) lib/active_support/callbacks.rb:131:in `run_callbacks'
actionpack (5.1.2) lib/abstract_controller/callbacks.rb:19:in `process_action'
actionpack (5.1.2) lib/action_controller/metal/rescue.rb:20:in `process_action'
actionpack (5.1.2) lib/action_controller/metal/instrumentation.rb:32:in `block in process_action'
activesupport (5.1.2) lib/active_support/notifications.rb:166:in `block in instrument'
activesupport (5.1.2) lib/active_support/notifications/instrumenter.rb:21:in `instrument'
activesupport (5.1.2) lib/active_support/notifications.rb:166:in `instrument'
actionpack (5.1.2) lib/action_controller/metal/instrumentation.rb:30:in `process_action'
actionpack (5.1.2) lib/action_controller/metal/params_wrapper.rb:252:in `process_action'
activerecord (5.1.2) lib/active_record/railties/controller_runtime.rb:22:in `process_action'
actionpack (5.1.2) lib/abstract_controller/base.rb:124:in `process'
actionview (5.1.2) lib/action_view/rendering.rb:30:in `process'
actionpack (5.1.2) lib/action_controller/metal.rb:189:in `dispatch'
actionpack (5.1.2) lib/action_controller/metal.rb:253:in `dispatch'
actionpack (5.1.2) lib/action_dispatch/routing/route_set.rb:49:in `dispatch'
actionpack (5.1.2) lib/action_dispatch/routing/route_set.rb:31:in `serve'
actionpack (5.1.2) lib/action_dispatch/journey/router.rb:46:in `block in serve'
actionpack (5.1.2) lib/action_dispatch/journey/router.rb:33:in `each'
actionpack (5.1.2) lib/action_dispatch/journey/router.rb:33:in `serve'
actionpack (5.1.2) lib/action_dispatch/routing/route_set.rb:832:in `call'
rack (2.0.3) lib/rack/etag.rb:25:in `call'
rack (2.0.3) lib/rack/conditional_get.rb:25:in `call'
rack (2.0.3) lib/rack/head.rb:12:in `call'
rack (2.0.3) lib/rack/session/abstract/id.rb:232:in `context'
rack (2.0.3) lib/rack/session/abstract/id.rb:226:in `call'
actionpack (5.1.2) lib/action_dispatch/middleware/cookies.rb:613:in `call'
activerecord (5.1.2) lib/active_record/migration.rb:556:in `call'
actionpack (5.1.2) lib/action_dispatch/middleware/callbacks.rb:26:in `block in call'
activesupport (5.1.2) lib/active_support/callbacks.rb:97:in `run_callbacks'
actionpack (5.1.2) lib/action_dispatch/middleware/callbacks.rb:24:in `call'
actionpack (5.1.2) lib/action_dispatch/middleware/executor.rb:12:in `call'
actionpack (5.1.2) lib/action_dispatch/middleware/debug_exceptions.rb:59:in `call'
web-console (3.5.1) lib/web_console/middleware.rb:135:in `call_app'
web-console (3.5.1) lib/web_console/middleware.rb:28:in `block in call'
web-console (3.5.1) lib/web_console/middleware.rb:18:in `catch'
web-console (3.5.1) lib/web_console/middleware.rb:18:in `call'
actionpack (5.1.2) lib/action_dispatch/middleware/show_exceptions.rb:31:in `call'
railties (5.1.2) lib/rails/rack/logger.rb:36:in `call_app'
railties (5.1.2) lib/rails/rack/logger.rb:24:in `block in call'
activesupport (5.1.2) lib/active_support/tagged_logging.rb:69:in `block in tagged'
activesupport (5.1.2) lib/active_support/tagged_logging.rb:26:in `tagged'
activesupport (5.1.2) lib/active_support/tagged_logging.rb:69:in `tagged'
railties (5.1.2) lib/rails/rack/logger.rb:24:in `call'
sprockets-rails (3.2.0) lib/sprockets/rails/quiet_assets.rb:13:in `call'
actionpack (5.1.2) lib/action_dispatch/middleware/remote_ip.rb:79:in `call'
actionpack (5.1.2) lib/action_dispatch/middleware/request_id.rb:25:in `call'
rack (2.0.3) lib/rack/method_override.rb:22:in `call'
rack (2.0.3) lib/rack/runtime.rb:22:in `call'
activesupport (5.1.2) lib/active_support/cache/strategy/local_cache_middleware.rb:27:in `call'
actionpack (5.1.2) lib/action_dispatch/middleware/executor.rb:12:in `call'
actionpack (5.1.2) lib/action_dispatch/middleware/static.rb:125:in `call'
rack (2.0.3) lib/rack/sendfile.rb:111:in `call'
railties (5.1.2) lib/rails/engine.rb:522:in `call'
puma (3.9.1) lib/puma/configuration.rb:224:in `call'
puma (3.9.1) lib/puma/server.rb:602:in `handle_request'
puma (3.9.1) lib/puma/server.rb:435:in `process_client'
puma (3.9.1) lib/puma/server.rb:299:in `block in run'
puma (3.9.1) lib/puma/thread_pool.rb:120:in `block in spawn_thread'
Started GET "/kittens" for 127.0.0.1 at 2017-07-02 12:49:23 +0800
Processing by KittensController#index as XML
Started GET "/kittens" for 127.0.0.1 at 2017-07-02 12:49:33 +0800
Completed 406 Not Acceptable in 20ms


  
ActionController::UnknownFormat (ActionController::UnknownFormat):
  
app/controllers/kittens_controller.rb:40:in `index'
Processing by KittensController#index as JSON
  [1m[36mKitten Load (0.0ms)[0m  [1m[34mSELECT "kittens".* FROM "kittens"[0m
Completed 200 OK in 46ms (Views: 38.8ms | ActiveRecord: 2.0ms)


Started GET "/kittens" for 127.0.0.1 at 2017-07-02 13:02:06 +0800
Processing by KittensController#index as JSON
  [1m[36mKitten Load (0.0ms)[0m  [1m[34mSELECT "kittens".* FROM "kittens"[0m
Completed 200 OK in 6ms (Views: 4.5ms | ActiveRecord: 0.0ms)


Started GET "/kittens/1" for 127.0.0.1 at 2017-07-02 13:05:28 +0800
Processing by KittensController#show as JSON
  Parameters: {"id"=>"1"}
  [1m[36mKitten Load (25.0ms)[0m  [1m[34mSELECT  "kittens".* FROM "kittens" WHERE "kittens"."id" = ? LIMIT ?[0m  [["id", 1], ["LIMIT", 1]]
Completed 200 OK in 1397ms (Views: 1.4ms | ActiveRecord: 30.0ms)


